Using pre-set license
Built from '2020.3/release' branch; Version is '2020.3.7f1 (dd97f2c94397) revision 14522354'; Using compiler version '192528614'; Build Type 'Release'
OS: 'Windows 10 Pro; OS build 19042.1237; Version 2009; 64bit' Language: 'en' Physical Memory: 3969 MB
BatchMode: 1, IsHumanControllingUs: 0, StartBugReporterOnCrash: 0, Is64bit: 1, IsPro: 0

 COMMAND LINE ARGUMENTS:
D:\VSCode\2020.3.7f1\Editor\Unity.exe
-adb2
-batchMode
-noUpm
-name
AssetImportWorker1
-projectPath
C:/Users/Admin/Documents/GitHub/BotRunner
-logFile
Logs/AssetImportWorker1.log
-srvPort
54899
Successfully changed project path to: C:/Users/Admin/Documents/GitHub/BotRunner
C:/Users/Admin/Documents/GitHub/BotRunner
Using Asset Import Pipeline V2.
Refreshing native plugins compatible for Editor in 144.16 ms, found 1 plugins.
Preloading 0 native plugins for Editor in 0.00 ms.
Initialize engine version: 2020.3.7f1 (dd97f2c94397)
[Subsystems] Discovering subsystems at path D:/VSCode/2020.3.7f1/Editor/Data/Resources/UnitySubsystems
[Subsystems] Discovering subsystems at path C:/Users/Admin/Documents/GitHub/BotRunner/Assets
GfxDevice: creating device client; threaded=0
Direct3D:
    Version:  Direct3D 11.0 [level 11.0]
    Renderer: NVIDIA GeForce GTX 960M (ID=0x139b)
    Vendor:   
    VRAM:     4055 MB
    Driver:   23.21.13.9125
Initialize mono
Mono path[0] = 'D:/VSCode/2020.3.7f1/Editor/Data/Managed'
Mono path[1] = 'D:/VSCode/2020.3.7f1/Editor/Data/MonoBleedingEdge/lib/mono/unityjit'
Mono config path = 'D:/VSCode/2020.3.7f1/Editor/Data/MonoBleedingEdge/etc'
Using monoOptions --debugger-agent=transport=dt_socket,embedding=1,server=y,suspend=n,address=127.0.0.1:56288
Begin MonoManager ReloadAssembly
Registering precompiled unity dll's ...
Register platform support module: D:/VSCode/2020.3.7f1/Editor/Data/PlaybackEngines/WindowsStandaloneSupport/UnityEditor.WindowsStandalone.Extensions.dll
Registered in 0.002043 seconds.
Native extension for WindowsStandalone target not found
Refreshing native plugins compatible for Editor in 130.01 ms, found 1 plugins.
Preloading 0 native plugins for Editor in 0.00 ms.
Mono: successfully reloaded assembly
- Completed reload, in  2.423 seconds
Platform modules already initialized, skipping
Registering precompiled user dll's ...
Registered in 0.003106 seconds.
Begin MonoManager ReloadAssembly
Native extension for WindowsStandalone target not found
Refreshing native plugins compatible for Editor in 148.81 ms, found 1 plugins.
Preloading 0 native plugins for Editor in 0.00 ms.
Mono: successfully reloaded assembly
- Completed reload, in  2.979 seconds
Platform modules already initialized, skipping
========================================================================
Worker process is ready to serve import requests
Launched and connected shader compiler UnityShaderCompiler.exe after 0.35 seconds
Refreshing native plugins compatible for Editor in 1.25 ms, found 1 plugins.
Preloading 0 native plugins for Editor in 0.00 ms.
Unloading 2312 Unused Serialized files (Serialized files now loaded: 0)
System memory in use before: 104.6 MB.
System memory in use after: 104.7 MB.

Unloading 28 unused Assets to reduce memory usage. Loaded Objects now: 2764.
Total: 7.279500 ms (FindLiveObjects: 0.715900 ms CreateObjectMapping: 0.365900 ms MarkObjects: 5.836000 ms  DeleteObjects: 0.358300 ms)

========================================================================
Received Import Request.
  path: Assets/Scenes/MenuScene.unity
  artifactKey: Guid(b4d00a85831c94d44a5c25c1b46e9963) Importer(815301076,1909f56bfc062723c751e8b465ee728b)
Start importing Assets/Scenes/MenuScene.unity using Guid(b4d00a85831c94d44a5c25c1b46e9963) Importer(815301076,1909f56bfc062723c751e8b465ee728b)  -> (artifact id: '4884fd921cc0c2cc3719afed073bb2bf') in 0.220429 seconds
  Import took 0.235752 seconds .

========================================================================
Received Import Request.
  Time since last request: 1973.049930 seconds.
  path: Assets/Scripts/SaveScene.cs
  artifactKey: Guid(fd5b58ee0c4d2ca4c9818460d1028bc9) Importer(815301076,1909f56bfc062723c751e8b465ee728b)
Start importing Assets/Scripts/SaveScene.cs using Guid(fd5b58ee0c4d2ca4c9818460d1028bc9) Importer(815301076,1909f56bfc062723c751e8b465ee728b)  -> (artifact id: '00a00efe6420beb84902356a85467de0') in 2.633148 seconds
  Import took 2.812123 seconds .

========================================================================
Received Prepare
Registering precompiled user dll's ...
Registered in 0.023836 seconds.
Begin MonoManager ReloadAssembly
Native extension for WindowsStandalone target not found
Refreshing native plugins compatible for Editor in 1.47 ms, found 1 plugins.
Preloading 0 native plugins for Editor in 0.00 ms.
Mono: successfully reloaded assembly
- Completed reload, in  7.748 seconds
Platform modules already initialized, skipping
Refreshing native plugins compatible for Editor in 1.54 ms, found 1 plugins.
Preloading 0 native plugins for Editor in 0.00 ms.
Unloading 2292 Unused Serialized files (Serialized files now loaded: 0)
System memory in use before: 103.3 MB.
System memory in use after: 103.3 MB.

Unloading 15 unused Assets to reduce memory usage. Loaded Objects now: 2769.
Total: 5.257900 ms (FindLiveObjects: 0.514000 ms CreateObjectMapping: 0.282300 ms MarkObjects: 3.832600 ms  DeleteObjects: 0.626500 ms)

========================================================================
Received Import Request.
  Time since last request: 669.903707 seconds.
  path: Assets/Scripts/SaveScene.cs
  artifactKey: Guid(fd5b58ee0c4d2ca4c9818460d1028bc9) Importer(815301076,1909f56bfc062723c751e8b465ee728b)
Start importing Assets/Scripts/SaveScene.cs using Guid(fd5b58ee0c4d2ca4c9818460d1028bc9) Importer(815301076,1909f56bfc062723c751e8b465ee728b)  -> (artifact id: '0414ab210715ed219c76ed5de4efa307') in 7.316848 seconds
  Import took 23.475911 seconds .

========================================================================
Received Prepare
Registering precompiled user dll's ...
Registered in 0.047299 seconds.
Begin MonoManager ReloadAssembly
Native extension for WindowsStandalone target not found
Refreshing native plugins compatible for Editor in 21.05 ms, found 1 plugins.
Preloading 0 native plugins for Editor in 0.00 ms.
Mono: successfully reloaded assembly
- Completed reload, in 37.733 seconds
Platform modules already initialized, skipping
Refreshing native plugins compatible for Editor in 0.97 ms, found 1 plugins.
Preloading 0 native plugins for Editor in 0.00 ms.
Unloading 2292 Unused Serialized files (Serialized files now loaded: 0)
System memory in use before: 103.3 MB.
System memory in use after: 103.4 MB.

Unloading 15 unused Assets to reduce memory usage. Loaded Objects now: 2773.
Total: 3464.221500 ms (FindLiveObjects: 552.475100 ms CreateObjectMapping: 0.343700 ms MarkObjects: 2899.393300 ms  DeleteObjects: 12.003000 ms)

========================================================================
Received Import Request.
  Time since last request: 1055.485449 seconds.
  path: Assets/Scripts/SaveScene.cs
  artifactKey: Guid(fd5b58ee0c4d2ca4c9818460d1028bc9) Importer(815301076,1909f56bfc062723c751e8b465ee728b)
Start importing Assets/Scripts/SaveScene.cs using Guid(fd5b58ee0c4d2ca4c9818460d1028bc9) Importer(815301076,1909f56bfc062723c751e8b465ee728b)  -> (artifact id: '99f4aa7387bf5c5cff05fb80528d7e89') in 3.516287 seconds
  Import took 3.782174 seconds .

========================================================================
Received Import Request.
  Time since last request: 1600.767499 seconds.
  path: Assets/Scenes/Prologue/Prologue_Scene1.unity
  artifactKey: Guid(584f461822bb89f45a1c0d33004c5b6d) Importer(815301076,1909f56bfc062723c751e8b465ee728b)
Start importing Assets/Scenes/Prologue/Prologue_Scene1.unity using Guid(584f461822bb89f45a1c0d33004c5b6d) Importer(815301076,1909f56bfc062723c751e8b465ee728b)  -> (artifact id: 'e41e9b7467bab6c78e936b1085ceceb6') in 29.777842 seconds
  Import took 36.641394 seconds .

========================================================================
Received Import Request.
  Time since last request: 0.181923 seconds.
  path: Assets/Scenes/Prologue/Prologue_Scene1.unity
  artifactKey: Guid(584f461822bb89f45a1c0d33004c5b6d) Importer(815301076,1909f56bfc062723c751e8b465ee728b)
Start importing Assets/Scenes/Prologue/Prologue_Scene1.unity using Guid(584f461822bb89f45a1c0d33004c5b6d) Importer(815301076,1909f56bfc062723c751e8b465ee728b)  -> (artifact id: 'e41e9b7467bab6c78e936b1085ceceb6') in 0.050305 seconds
  Import took 0.086929 seconds .

========================================================================
Received Import Request.
  Time since last request: 685.439825 seconds.
  path: Assets/Sprites/Uni Sans Heavy SDF.asset
  artifactKey: Guid(7c1e00fcd6d5fe44d977166ea07a1472) Importer(815301076,1909f56bfc062723c751e8b465ee728b)
Start importing Assets/Sprites/Uni Sans Heavy SDF.asset using Guid(7c1e00fcd6d5fe44d977166ea07a1472) Importer(815301076,1909f56bfc062723c751e8b465ee728b)  -> (artifact id: '4b1cb59b1c56c52fe2d6a30ac2528a28') in 16.083758 seconds
  Import took 16.113941 seconds .

========================================================================
Received Import Request.
  Time since last request: 932.363734 seconds.
  path: Assets/Scenes/MenuScene.unity
  artifactKey: Guid(b4d00a85831c94d44a5c25c1b46e9963) Importer(815301076,1909f56bfc062723c751e8b465ee728b)
Start importing Assets/Scenes/MenuScene.unity using Guid(b4d00a85831c94d44a5c25c1b46e9963) Importer(815301076,1909f56bfc062723c751e8b465ee728b)  -> (artifact id: 'f0db88e2f1e3441c0d97c715373b8e25') in 0.133817 seconds
  Import took 0.259302 seconds .

========================================================================
Received Import Request.
  Time since last request: 20.426712 seconds.
  path: Assets/Prefabs/Save&Load.prefab
  artifactKey: Guid(637481680a2269f4abe8e3c96db8869f) Importer(815301076,1909f56bfc062723c751e8b465ee728b)
Start importing Assets/Prefabs/Save&Load.prefab using Guid(637481680a2269f4abe8e3c96db8869f) Importer(815301076,1909f56bfc062723c751e8b465ee728b)  -> (artifact id: '65181e4487f9ebdaa773554eb44e64ce') in 1.519933 seconds
  Import took 1.535494 seconds .

========================================================================
Received Import Request.
  Time since last request: 10.407695 seconds.
  path: Assets/Scenes/ForbidenCity/ForbidenCIty_Scene1.unity
  artifactKey: Guid(67c06d6d8d86bdd45853c79a102b1a85) Importer(815301076,1909f56bfc062723c751e8b465ee728b)
Start importing Assets/Scenes/ForbidenCity/ForbidenCIty_Scene1.unity using Guid(67c06d6d8d86bdd45853c79a102b1a85) Importer(815301076,1909f56bfc062723c751e8b465ee728b)  -> (artifact id: '963a58d861a480a7a4b84697b0c9ac5e') in 0.047819 seconds
  Import took 0.060015 seconds .

========================================================================
Received Import Request.
  Time since last request: 26.205310 seconds.
  path: Assets/Scenes/Prologue/Prologue_Scene1.unity
  artifactKey: Guid(584f461822bb89f45a1c0d33004c5b6d) Importer(815301076,1909f56bfc062723c751e8b465ee728b)
Start importing Assets/Scenes/Prologue/Prologue_Scene1.unity using Guid(584f461822bb89f45a1c0d33004c5b6d) Importer(815301076,1909f56bfc062723c751e8b465ee728b)  -> (artifact id: 'c21e600f5b3e21dde08f17af7c91e0f7') in 0.025456 seconds
  Import took 0.033476 seconds .

========================================================================
Received Prepare
Registering precompiled user dll's ...
Registered in 0.009583 seconds.
Begin MonoManager ReloadAssembly
Native extension for WindowsStandalone target not found
Refreshing native plugins compatible for Editor in 0.85 ms, found 1 plugins.
Preloading 0 native plugins for Editor in 0.00 ms.
Mono: successfully reloaded assembly
- Completed reload, in 21.724 seconds
Platform modules already initialized, skipping
Refreshing native plugins compatible for Editor in 1.16 ms, found 1 plugins.
Preloading 0 native plugins for Editor in 0.00 ms.
Unloading 2292 Unused Serialized files (Serialized files now loaded: 0)
System memory in use before: 106.7 MB.
System memory in use after: 106.7 MB.

Unloading 15 unused Assets to reduce memory usage. Loaded Objects now: 2819.
Total: 44.361800 ms (FindLiveObjects: 0.707200 ms CreateObjectMapping: 0.258700 ms MarkObjects: 21.133100 ms  DeleteObjects: 22.256900 ms)

========================================================================
Received Prepare
Registering precompiled user dll's ...
Registered in 1.902606 seconds.
Begin MonoManager ReloadAssembly
Native extension for WindowsStandalone target not found
Refreshing native plugins compatible for Editor in 0.65 ms, found 1 plugins.
Preloading 0 native plugins for Editor in 0.00 ms.
Mono: successfully reloaded assembly
- Completed reload, in  2.340 seconds
Platform modules already initialized, skipping
Refreshing native plugins compatible for Editor in 1.39 ms, found 1 plugins.
Preloading 0 native plugins for Editor in 0.00 ms.
Unloading 2292 Unused Serialized files (Serialized files now loaded: 0)
System memory in use before: 106.7 MB.
System memory in use after: 106.8 MB.

Unloading 15 unused Assets to reduce memory usage. Loaded Objects now: 2823.
Total: 5.577200 ms (FindLiveObjects: 0.599600 ms CreateObjectMapping: 0.282100 ms MarkObjects: 4.450500 ms  DeleteObjects: 0.242400 ms)

========================================================================
Received Import Request.
  Time since last request: 739.836821 seconds.
  path: Assets/Scenes/MenuScene.unity
  artifactKey: Guid(b4d00a85831c94d44a5c25c1b46e9963) Importer(815301076,1909f56bfc062723c751e8b465ee728b)
Start importing Assets/Scenes/MenuScene.unity using Guid(b4d00a85831c94d44a5c25c1b46e9963) Importer(815301076,1909f56bfc062723c751e8b465ee728b)  -> (artifact id: '0cd7e725f5a2631bf7ffb2732cd52b40') in 0.417855 seconds
  Import took 0.473467 seconds .

========================================================================
Received Prepare
Registering precompiled user dll's ...
Registered in 0.003139 seconds.
Begin MonoManager ReloadAssembly
Native extension for WindowsStandalone target not found
Refreshing native plugins compatible for Editor in 3.29 ms, found 1 plugins.
Preloading 0 native plugins for Editor in 0.00 ms.
Mono: successfully reloaded assembly
- Completed reload, in  2.951 seconds
Platform modules already initialized, skipping
Refreshing native plugins compatible for Editor in 2.55 ms, found 1 plugins.
Preloading 0 native plugins for Editor in 0.00 ms.
Unloading 2292 Unused Serialized files (Serialized files now loaded: 0)
System memory in use before: 106.7 MB.
System memory in use after: 106.8 MB.

Unloading 15 unused Assets to reduce memory usage. Loaded Objects now: 2827.
Total: 9.356800 ms (FindLiveObjects: 1.294900 ms CreateObjectMapping: 0.690200 ms MarkObjects: 6.207800 ms  DeleteObjects: 1.158600 ms)

========================================================================
Received Prepare
Registering precompiled user dll's ...
Registered in 0.004054 seconds.
Begin MonoManager ReloadAssembly
Native extension for WindowsStandalone target not found
Refreshing native plugins compatible for Editor in 0.63 ms, found 1 plugins.
Preloading 0 native plugins for Editor in 0.00 ms.
Mono: successfully reloaded assembly
- Completed reload, in  2.024 seconds
Platform modules already initialized, skipping
Refreshing native plugins compatible for Editor in 1.37 ms, found 1 plugins.
Preloading 0 native plugins for Editor in 0.00 ms.
Unloading 2292 Unused Serialized files (Serialized files now loaded: 0)
System memory in use before: 106.7 MB.
System memory in use after: 106.8 MB.

Unloading 15 unused Assets to reduce memory usage. Loaded Objects now: 2831.
Total: 3.257600 ms (FindLiveObjects: 0.371700 ms CreateObjectMapping: 0.123600 ms MarkObjects: 2.588000 ms  DeleteObjects: 0.172200 ms)

========================================================================
Received Prepare
Registering precompiled user dll's ...
Registered in 0.003124 seconds.
Begin MonoManager ReloadAssembly
Native extension for WindowsStandalone target not found
Refreshing native plugins compatible for Editor in 0.57 ms, found 1 plugins.
Preloading 0 native plugins for Editor in 0.00 ms.
Mono: successfully reloaded assembly
- Completed reload, in  1.181 seconds
Platform modules already initialized, skipping
Refreshing native plugins compatible for Editor in 0.60 ms, found 1 plugins.
Preloading 0 native plugins for Editor in 0.00 ms.
Unloading 2292 Unused Serialized files (Serialized files now loaded: 0)
System memory in use before: 106.6 MB.
System memory in use after: 106.7 MB.

Unloading 15 unused Assets to reduce memory usage. Loaded Objects now: 2835.
Total: 3.191500 ms (FindLiveObjects: 0.334300 ms CreateObjectMapping: 0.155500 ms MarkObjects: 2.559300 ms  DeleteObjects: 0.140500 ms)

========================================================================
Received Import Request.
  Time since last request: 297.148613 seconds.
  path: Assets/Scenes/Prologue/Prologue_Scene1.unity
  artifactKey: Guid(584f461822bb89f45a1c0d33004c5b6d) Importer(815301076,1909f56bfc062723c751e8b465ee728b)
Start importing Assets/Scenes/Prologue/Prologue_Scene1.unity using Guid(584f461822bb89f45a1c0d33004c5b6d) Importer(815301076,1909f56bfc062723c751e8b465ee728b)  -> (artifact id: '0198929fee26df6f67b70aaf26bad6a3') in 0.070617 seconds
  Import took 0.117503 seconds .

========================================================================
Received Prepare
Registering precompiled user dll's ...
Registered in 0.003381 seconds.
Begin MonoManager ReloadAssembly
Native extension for WindowsStandalone target not found
Refreshing native plugins compatible for Editor in 0.71 ms, found 1 plugins.
Preloading 0 native plugins for Editor in 0.00 ms.
Mono: successfully reloaded assembly
- Completed reload, in  1.763 seconds
Platform modules already initialized, skipping
Refreshing native plugins compatible for Editor in 0.82 ms, found 1 plugins.
Preloading 0 native plugins for Editor in 0.00 ms.
Unloading 2292 Unused Serialized files (Serialized files now loaded: 0)
System memory in use before: 106.7 MB.
System memory in use after: 106.7 MB.

Unloading 15 unused Assets to reduce memory usage. Loaded Objects now: 2839.
Total: 7.348700 ms (FindLiveObjects: 1.064400 ms CreateObjectMapping: 1.132900 ms MarkObjects: 4.902600 ms  DeleteObjects: 0.245600 ms)

========================================================================
Received Import Request.
  Time since last request: 22.238314 seconds.
  path: Assets/Prefabs/Options Bar.prefab
  artifactKey: Guid(a4e8ee6a8f5ebed489658c5bdf0c91ac) Importer(815301076,1909f56bfc062723c751e8b465ee728b)
Start importing Assets/Prefabs/Options Bar.prefab using Guid(a4e8ee6a8f5ebed489658c5bdf0c91ac) Importer(815301076,1909f56bfc062723c751e8b465ee728b)  -> (artifact id: 'f642b0e15212e8a51c70b6773ff2fbee') in 0.873052 seconds
  Import took 0.885860 seconds .

========================================================================
Received Import Request.
  Time since last request: 45.360046 seconds.
  path: Assets/Scenes/Prologue/Prologue_Scene2.unity
  artifactKey: Guid(8f746b3c799109b418d14b7c257ed170) Importer(815301076,1909f56bfc062723c751e8b465ee728b)
Start importing Assets/Scenes/Prologue/Prologue_Scene2.unity using Guid(8f746b3c799109b418d14b7c257ed170) Importer(815301076,1909f56bfc062723c751e8b465ee728b)  -> (artifact id: '6ad19ebf4ef450c020d9984233cc3d3a') in 0.235106 seconds
  Import took 0.242406 seconds .

========================================================================
Received Import Request.
  Time since last request: 175.962632 seconds.
  path: Assets/Scenes/Prologue/Prologue_Scene1.unity
  artifactKey: Guid(584f461822bb89f45a1c0d33004c5b6d) Importer(815301076,1909f56bfc062723c751e8b465ee728b)
Start importing Assets/Scenes/Prologue/Prologue_Scene1.unity using Guid(584f461822bb89f45a1c0d33004c5b6d) Importer(815301076,1909f56bfc062723c751e8b465ee728b)  -> (artifact id: '07c2b5268790a17ffd2ea1bccd6c7c7d') in 0.008718 seconds
  Import took 0.017379 seconds .

========================================================================
Received Prepare
Registering precompiled user dll's ...
Registered in 0.002905 seconds.
Begin MonoManager ReloadAssembly
Native extension for WindowsStandalone target not found
Refreshing native plugins compatible for Editor in 0.60 ms, found 1 plugins.
Preloading 0 native plugins for Editor in 0.00 ms.
Mono: successfully reloaded assembly
- Completed reload, in  1.173 seconds
Platform modules already initialized, skipping
Refreshing native plugins compatible for Editor in 0.58 ms, found 1 plugins.
Preloading 0 native plugins for Editor in 0.00 ms.
Unloading 2292 Unused Serialized files (Serialized files now loaded: 0)
System memory in use before: 106.7 MB.
System memory in use after: 106.8 MB.

Unloading 15 unused Assets to reduce memory usage. Loaded Objects now: 2843.
Total: 3.126100 ms (FindLiveObjects: 0.433000 ms CreateObjectMapping: 0.192500 ms MarkObjects: 2.359700 ms  DeleteObjects: 0.139700 ms)

========================================================================
Received Prepare
Registering precompiled user dll's ...
Registered in 0.002912 seconds.
Begin MonoManager ReloadAssembly
Native extension for WindowsStandalone target not found
Refreshing native plugins compatible for Editor in 0.59 ms, found 1 plugins.
Preloading 0 native plugins for Editor in 0.00 ms.
Mono: successfully reloaded assembly
- Completed reload, in  1.189 seconds
Platform modules already initialized, skipping
Refreshing native plugins compatible for Editor in 0.66 ms, found 1 plugins.
Preloading 0 native plugins for Editor in 0.00 ms.
Unloading 2292 Unused Serialized files (Serialized files now loaded: 0)
System memory in use before: 106.7 MB.
System memory in use after: 106.8 MB.

Unloading 15 unused Assets to reduce memory usage. Loaded Objects now: 2847.
Total: 2.997100 ms (FindLiveObjects: 0.335700 ms CreateObjectMapping: 0.153900 ms MarkObjects: 2.379300 ms  DeleteObjects: 0.126900 ms)

========================================================================
Received Prepare
Registering precompiled user dll's ...
Registered in 0.002850 seconds.
Begin MonoManager ReloadAssembly
Native extension for WindowsStandalone target not found
Refreshing native plugins compatible for Editor in 0.56 ms, found 1 plugins.
Preloading 0 native plugins for Editor in 0.00 ms.
Mono: successfully reloaded assembly
- Completed reload, in  1.159 seconds
Platform modules already initialized, skipping
Refreshing native plugins compatible for Editor in 0.60 ms, found 1 plugins.
Preloading 0 native plugins for Editor in 0.00 ms.
Unloading 2292 Unused Serialized files (Serialized files now loaded: 0)
System memory in use before: 106.7 MB.
System memory in use after: 106.8 MB.

Unloading 15 unused Assets to reduce memory usage. Loaded Objects now: 2851.
Total: 3.405600 ms (FindLiveObjects: 0.495000 ms CreateObjectMapping: 0.321000 ms MarkObjects: 2.443500 ms  DeleteObjects: 0.143700 ms)

========================================================================
Received Import Request.
  Time since last request: 107.768088 seconds.
  path: Assets/Scenes/Prologue/Prologue_Scene2.unity
  artifactKey: Guid(8f746b3c799109b418d14b7c257ed170) Importer(815301076,1909f56bfc062723c751e8b465ee728b)
Start importing Assets/Scenes/Prologue/Prologue_Scene2.unity using Guid(8f746b3c799109b418d14b7c257ed170) Importer(815301076,1909f56bfc062723c751e8b465ee728b)  -> (artifact id: 'adeee6b4113896d9bcab9aa295b7de97') in 0.089334 seconds
  Import took 0.103041 seconds .

========================================================================
Received Import Request.
  Time since last request: 21.115761 seconds.
  path: Assets/Scenes/Prologue/Prologue_Scene1.unity
  artifactKey: Guid(584f461822bb89f45a1c0d33004c5b6d) Importer(815301076,1909f56bfc062723c751e8b465ee728b)
Start importing Assets/Scenes/Prologue/Prologue_Scene1.unity using Guid(584f461822bb89f45a1c0d33004c5b6d) Importer(815301076,1909f56bfc062723c751e8b465ee728b)  -> (artifact id: 'c40f84efa68d68d6f8735d65a4b30d78') in 0.068375 seconds
  Import took 0.085355 seconds .

========================================================================
Received Prepare
Registering precompiled user dll's ...
Registered in 0.002799 seconds.
Begin MonoManager ReloadAssembly
Native extension for WindowsStandalone target not found
Refreshing native plugins compatible for Editor in 0.61 ms, found 1 plugins.
Preloading 0 native plugins for Editor in 0.00 ms.
Mono: successfully reloaded assembly
- Completed reload, in  1.164 seconds
Platform modules already initialized, skipping
Refreshing native plugins compatible for Editor in 0.68 ms, found 1 plugins.
Preloading 0 native plugins for Editor in 0.00 ms.
Unloading 2292 Unused Serialized files (Serialized files now loaded: 0)
System memory in use before: 106.7 MB.
System memory in use after: 106.8 MB.

Unloading 15 unused Assets to reduce memory usage. Loaded Objects now: 2855.
Total: 4.054500 ms (FindLiveObjects: 0.533400 ms CreateObjectMapping: 0.203900 ms MarkObjects: 2.783300 ms  DeleteObjects: 0.155800 ms)

========================================================================
Received Prepare
Registering precompiled user dll's ...
Registered in 0.002936 seconds.
Begin MonoManager ReloadAssembly
Native extension for WindowsStandalone target not found
Refreshing native plugins compatible for Editor in 0.56 ms, found 1 plugins.
Preloading 0 native plugins for Editor in 0.00 ms.
Mono: successfully reloaded assembly
- Completed reload, in  1.413 seconds
Platform modules already initialized, skipping
Refreshing native plugins compatible for Editor in 0.59 ms, found 1 plugins.
Preloading 0 native plugins for Editor in 0.00 ms.
Unloading 2292 Unused Serialized files (Serialized files now loaded: 0)
System memory in use before: 106.8 MB.
System memory in use after: 106.9 MB.

Unloading 15 unused Assets to reduce memory usage. Loaded Objects now: 2859.
Total: 3.986000 ms (FindLiveObjects: 0.422200 ms CreateObjectMapping: 0.195100 ms MarkObjects: 3.223000 ms  DeleteObjects: 0.142900 ms)

========================================================================
Received Prepare
Registering precompiled user dll's ...
Registered in 0.210847 seconds.
Begin MonoManager ReloadAssembly
Native extension for WindowsStandalone target not found
Refreshing native plugins compatible for Editor in 1.82 ms, found 1 plugins.
Preloading 0 native plugins for Editor in 0.00 ms.
Mono: successfully reloaded assembly
- Completed reload, in 23.430 seconds
Platform modules already initialized, skipping
Refreshing native plugins compatible for Editor in 0.81 ms, found 1 plugins.
Preloading 0 native plugins for Editor in 0.00 ms.
Unloading 2292 Unused Serialized files (Serialized files now loaded: 0)
System memory in use before: 106.8 MB.
System memory in use after: 106.9 MB.

Unloading 15 unused Assets to reduce memory usage. Loaded Objects now: 2863.
Total: 2057.927400 ms (FindLiveObjects: 121.064400 ms CreateObjectMapping: 0.475000 ms MarkObjects: 1769.436400 ms  DeleteObjects: 166.946400 ms)

========================================================================
Received Prepare
Registering precompiled user dll's ...
Registered in 0.010218 seconds.
Begin MonoManager ReloadAssembly
Native extension for WindowsStandalone target not found
Refreshing native plugins compatible for Editor in 0.64 ms, found 1 plugins.
Preloading 0 native plugins for Editor in 0.00 ms.
Mono: successfully reloaded assembly
- Completed reload, in  2.095 seconds
Platform modules already initialized, skipping
Refreshing native plugins compatible for Editor in 0.57 ms, found 1 plugins.
Preloading 0 native plugins for Editor in 0.00 ms.
Unloading 2292 Unused Serialized files (Serialized files now loaded: 0)
System memory in use before: 106.8 MB.
System memory in use after: 106.9 MB.

Unloading 15 unused Assets to reduce memory usage. Loaded Objects now: 2867.
Total: 6.638100 ms (FindLiveObjects: 0.598100 ms CreateObjectMapping: 0.327400 ms MarkObjects: 5.455700 ms  DeleteObjects: 0.253700 ms)

========================================================================
Received Prepare
Registering precompiled user dll's ...
Registered in 0.018831 seconds.
Begin MonoManager ReloadAssembly
Native extension for WindowsStandalone target not found
Refreshing native plugins compatible for Editor in 1.24 ms, found 1 plugins.
Preloading 0 native plugins for Editor in 0.00 ms.
Mono: successfully reloaded assembly
- Completed reload, in  6.121 seconds
Platform modules already initialized, skipping
Refreshing native plugins compatible for Editor in 1.23 ms, found 1 plugins.
Preloading 0 native plugins for Editor in 0.00 ms.
Unloading 2292 Unused Serialized files (Serialized files now loaded: 0)
System memory in use before: 106.8 MB.
System memory in use after: 106.9 MB.

Unloading 15 unused Assets to reduce memory usage. Loaded Objects now: 2871.
Total: 1163.214300 ms (FindLiveObjects: 356.155300 ms CreateObjectMapping: 0.330700 ms MarkObjects: 777.703700 ms  DeleteObjects: 29.020500 ms)

========================================================================
Received Prepare
Registering precompiled user dll's ...
Registered in 0.007173 seconds.
Begin MonoManager ReloadAssembly
Native extension for WindowsStandalone target not found
Refreshing native plugins compatible for Editor in 0.91 ms, found 1 plugins.
Preloading 0 native plugins for Editor in 0.00 ms.
Mono: successfully reloaded assembly
- Completed reload, in  3.349 seconds
Platform modules already initialized, skipping
Refreshing native plugins compatible for Editor in 1.60 ms, found 1 plugins.
Preloading 0 native plugins for Editor in 0.00 ms.
Unloading 2292 Unused Serialized files (Serialized files now loaded: 0)
System memory in use before: 106.8 MB.
System memory in use after: 106.8 MB.

Unloading 15 unused Assets to reduce memory usage. Loaded Objects now: 2875.
Total: 10.175100 ms (FindLiveObjects: 2.034600 ms CreateObjectMapping: 0.298500 ms MarkObjects: 7.310900 ms  DeleteObjects: 0.526700 ms)

========================================================================
Received Import Request.
  Time since last request: 1651.863315 seconds.
  path: Assets/Scenes/MenuScene.unity
  artifactKey: Guid(b4d00a85831c94d44a5c25c1b46e9963) Importer(815301076,1909f56bfc062723c751e8b465ee728b)
Start importing Assets/Scenes/MenuScene.unity using Guid(b4d00a85831c94d44a5c25c1b46e9963) Importer(815301076,1909f56bfc062723c751e8b465ee728b)  -> (artifact id: 'ad3d47f2fb50d04594b3a3bd587ec73e') in 1.534806 seconds
  Import took 1.726410 seconds .

========================================================================
Received Prepare
Registering precompiled user dll's ...
Registered in 0.003483 seconds.
Begin MonoManager ReloadAssembly
Native extension for WindowsStandalone target not found
Refreshing native plugins compatible for Editor in 1.92 ms, found 1 plugins.
Preloading 0 native plugins for Editor in 0.00 ms.
Mono: successfully reloaded assembly
- Completed reload, in  2.764 seconds
Platform modules already initialized, skipping
Refreshing native plugins compatible for Editor in 0.65 ms, found 1 plugins.
Preloading 0 native plugins for Editor in 0.00 ms.
Unloading 2292 Unused Serialized files (Serialized files now loaded: 0)
System memory in use before: 106.9 MB.
System memory in use after: 106.9 MB.

Unloading 15 unused Assets to reduce memory usage. Loaded Objects now: 2879.
Total: 3.538600 ms (FindLiveObjects: 0.492000 ms CreateObjectMapping: 0.172700 ms MarkObjects: 2.718800 ms  DeleteObjects: 0.153900 ms)

========================================================================
Received Prepare
Registering precompiled user dll's ...
Registered in 0.002716 seconds.
Begin MonoManager ReloadAssembly
Native extension for WindowsStandalone target not found
Refreshing native plugins compatible for Editor in 1.41 ms, found 1 plugins.
Preloading 0 native plugins for Editor in 0.00 ms.
Mono: successfully reloaded assembly
- Completed reload, in  2.809 seconds
Platform modules already initialized, skipping
Refreshing native plugins compatible for Editor in 1.06 ms, found 1 plugins.
Preloading 0 native plugins for Editor in 0.00 ms.
Unloading 2292 Unused Serialized files (Serialized files now loaded: 0)
System memory in use before: 106.9 MB.
System memory in use after: 106.9 MB.

Unloading 15 unused Assets to reduce memory usage. Loaded Objects now: 2883.
Total: 3.335400 ms (FindLiveObjects: 0.457900 ms CreateObjectMapping: 0.147800 ms MarkObjects: 2.590000 ms  DeleteObjects: 0.138200 ms)

========================================================================
Received Import Request.
  Time since last request: 610.285911 seconds.
  path: Assets/Scenes/Prologue/Prologue_Scene1.unity
  artifactKey: Guid(584f461822bb89f45a1c0d33004c5b6d) Importer(815301076,1909f56bfc062723c751e8b465ee728b)
Start importing Assets/Scenes/Prologue/Prologue_Scene1.unity using Guid(584f461822bb89f45a1c0d33004c5b6d) Importer(815301076,1909f56bfc062723c751e8b465ee728b)  -> (artifact id: '550dd47b476e045c2c229d5b94f057fe') in 0.112375 seconds
  Import took 0.121720 seconds .

========================================================================
Received Import Request.
  Time since last request: 10.069899 seconds.
  path: Assets/Scenes/Prologue/Prologue_Scene3.unity
  artifactKey: Guid(9cb6549a750ac0947b138fd7ed8389b9) Importer(815301076,1909f56bfc062723c751e8b465ee728b)
Start importing Assets/Scenes/Prologue/Prologue_Scene3.unity using Guid(9cb6549a750ac0947b138fd7ed8389b9) Importer(815301076,1909f56bfc062723c751e8b465ee728b)  -> (artifact id: 'cb7396125b29240225e29730d79f19bf') in 0.086008 seconds
  Import took 0.093924 seconds .

========================================================================
Received Import Request.
  Time since last request: 96.441630 seconds.
  path: Assets/Scenes/Prologue/Prologue_Scene3.unity
  artifactKey: Guid(9cb6549a750ac0947b138fd7ed8389b9) Importer(815301076,1909f56bfc062723c751e8b465ee728b)
Start importing Assets/Scenes/Prologue/Prologue_Scene3.unity using Guid(9cb6549a750ac0947b138fd7ed8389b9) Importer(815301076,1909f56bfc062723c751e8b465ee728b)  -> (artifact id: 'd422f44bc090b6f51ba2b80135600d8b') in 0.008375 seconds
  Import took 0.076006 seconds .

========================================================================
Received Import Request.
  Time since last request: 56.097076 seconds.
  path: Assets/Scenes/MenuScene.unity
  artifactKey: Guid(b4d00a85831c94d44a5c25c1b46e9963) Importer(815301076,1909f56bfc062723c751e8b465ee728b)
Start importing Assets/Scenes/MenuScene.unity using Guid(b4d00a85831c94d44a5c25c1b46e9963) Importer(815301076,1909f56bfc062723c751e8b465ee728b)  -> (artifact id: '879f8ce15bbc9faa2510b4d076937e02') in 0.005048 seconds
  Import took 0.019492 seconds .

========================================================================
Received Prepare
Registering precompiled user dll's ...
Registered in 0.008605 seconds.
Begin MonoManager ReloadAssembly
Native extension for WindowsStandalone target not found
Refreshing native plugins compatible for Editor in 1.66 ms, found 1 plugins.
Preloading 0 native plugins for Editor in 0.00 ms.
Mono: successfully reloaded assembly
- Completed reload, in  2.755 seconds
Platform modules already initialized, skipping
Refreshing native plugins compatible for Editor in 1.16 ms, found 1 plugins.
Preloading 0 native plugins for Editor in 0.00 ms.
Unloading 2292 Unused Serialized files (Serialized files now loaded: 0)
System memory in use before: 106.9 MB.
System memory in use after: 107.0 MB.

Unloading 15 unused Assets to reduce memory usage. Loaded Objects now: 2887.
Total: 9.601000 ms (FindLiveObjects: 1.089400 ms CreateObjectMapping: 0.437900 ms MarkObjects: 7.304500 ms  DeleteObjects: 0.762900 ms)

========================================================================
Received Prepare
Registering precompiled user dll's ...
Registered in 0.022143 seconds.
Begin MonoManager ReloadAssembly
Native extension for WindowsStandalone target not found
Refreshing native plugins compatible for Editor in 0.70 ms, found 1 plugins.
Preloading 0 native plugins for Editor in 0.00 ms.
Mono: successfully reloaded assembly
- Completed reload, in  3.520 seconds
Platform modules already initialized, skipping
Refreshing native plugins compatible for Editor in 0.60 ms, found 1 plugins.
Preloading 0 native plugins for Editor in 0.00 ms.
Unloading 2292 Unused Serialized files (Serialized files now loaded: 0)
System memory in use before: 106.9 MB.
System memory in use after: 107.0 MB.

Unloading 15 unused Assets to reduce memory usage. Loaded Objects now: 2891.
Total: 4.505600 ms (FindLiveObjects: 0.590900 ms CreateObjectMapping: 0.160000 ms MarkObjects: 3.524100 ms  DeleteObjects: 0.229400 ms)

========================================================================
Received Prepare
Registering precompiled user dll's ...
Registered in 0.075335 seconds.
Begin MonoManager ReloadAssembly
Native extension for WindowsStandalone target not found
Refreshing native plugins compatible for Editor in 1.03 ms, found 1 plugins.
Preloading 0 native plugins for Editor in 0.00 ms.
Mono: successfully reloaded assembly
- Completed reload, in 22.930 seconds
Platform modules already initialized, skipping
Refreshing native plugins compatible for Editor in 1.45 ms, found 1 plugins.
Preloading 0 native plugins for Editor in 0.00 ms.
Unloading 2292 Unused Serialized files (Serialized files now loaded: 0)
System memory in use before: 106.8 MB.
System memory in use after: 106.9 MB.

Unloading 15 unused Assets to reduce memory usage. Loaded Objects now: 2895.
Total: 35.059100 ms (FindLiveObjects: 7.776200 ms CreateObjectMapping: 0.481300 ms MarkObjects: 25.154800 ms  DeleteObjects: 1.639900 ms)

========================================================================
Received Prepare
Registering precompiled user dll's ...
Registered in 0.004419 seconds.
Begin MonoManager ReloadAssembly
Native extension for WindowsStandalone target not found
Refreshing native plugins compatible for Editor in 0.73 ms, found 1 plugins.
Preloading 0 native plugins for Editor in 0.00 ms.
Mono: successfully reloaded assembly
- Completed reload, in  6.260 seconds
Platform modules already initialized, skipping
Refreshing native plugins compatible for Editor in 1.31 ms, found 1 plugins.
Preloading 0 native plugins for Editor in 0.00 ms.
Unloading 2292 Unused Serialized files (Serialized files now loaded: 0)
System memory in use before: 106.9 MB.
System memory in use after: 107.0 MB.

Unloading 15 unused Assets to reduce memory usage. Loaded Objects now: 2899.
Total: 8.922200 ms (FindLiveObjects: 0.686000 ms CreateObjectMapping: 0.318500 ms MarkObjects: 7.568700 ms  DeleteObjects: 0.344800 ms)

========================================================================
Received Import Request.
  Time since last request: 4219.794499 seconds.
  path: Assets/Scenes/Prologue/Prologue_Scene1.unity
  artifactKey: Guid(584f461822bb89f45a1c0d33004c5b6d) Importer(815301076,1909f56bfc062723c751e8b465ee728b)
Start importing Assets/Scenes/Prologue/Prologue_Scene1.unity using Guid(584f461822bb89f45a1c0d33004c5b6d) Importer(815301076,1909f56bfc062723c751e8b465ee728b)  -> (artifact id: 'fdb4aa697733491c6d7d1a8b5154de9f') in 0.302602 seconds
  Import took 0.350747 seconds .

========================================================================
Received Import Request.
  Time since last request: 200.855774 seconds.
  path: Assets/Scenes/Prologue/Prologue_Scene3.unity
  artifactKey: Guid(9cb6549a750ac0947b138fd7ed8389b9) Importer(815301076,1909f56bfc062723c751e8b465ee728b)
Start importing Assets/Scenes/Prologue/Prologue_Scene3.unity using Guid(9cb6549a750ac0947b138fd7ed8389b9) Importer(815301076,1909f56bfc062723c751e8b465ee728b)  -> (artifact id: '7a51d248722c62de487c882c2c23ab8f') in 0.033000 seconds
  Import took 0.041566 seconds .

========================================================================
Received Prepare
Registering precompiled user dll's ...
Registered in 0.002942 seconds.
Begin MonoManager ReloadAssembly
Native extension for WindowsStandalone target not found
Refreshing native plugins compatible for Editor in 1.90 ms, found 1 plugins.
Preloading 0 native plugins for Editor in 0.00 ms.
Mono: successfully reloaded assembly
- Completed reload, in  3.541 seconds
Platform modules already initialized, skipping
Refreshing native plugins compatible for Editor in 0.87 ms, found 1 plugins.
Preloading 0 native plugins for Editor in 0.00 ms.
Unloading 2292 Unused Serialized files (Serialized files now loaded: 0)
System memory in use before: 107.0 MB.
System memory in use after: 107.0 MB.

Unloading 15 unused Assets to reduce memory usage. Loaded Objects now: 2903.
Total: 5.268500 ms (FindLiveObjects: 0.393200 ms CreateObjectMapping: 0.175500 ms MarkObjects: 4.480000 ms  DeleteObjects: 0.217300 ms)

========================================================================
Received Prepare
Registering precompiled user dll's ...
Registered in 0.003309 seconds.
Begin MonoManager ReloadAssembly
Native extension for WindowsStandalone target not found
Refreshing native plugins compatible for Editor in 0.67 ms, found 1 plugins.
Preloading 0 native plugins for Editor in 0.00 ms.
Mono: successfully reloaded assembly
- Completed reload, in  1.374 seconds
Platform modules already initialized, skipping
Refreshing native plugins compatible for Editor in 0.85 ms, found 1 plugins.
Preloading 0 native plugins for Editor in 0.00 ms.
Unloading 2292 Unused Serialized files (Serialized files now loaded: 0)
System memory in use before: 107.0 MB.
System memory in use after: 107.0 MB.

Unloading 15 unused Assets to reduce memory usage. Loaded Objects now: 2907.
Total: 3.657000 ms (FindLiveObjects: 0.439500 ms CreateObjectMapping: 0.194400 ms MarkObjects: 2.857800 ms  DeleteObjects: 0.163900 ms)

========================================================================
Received Prepare
Registering precompiled user dll's ...
Registered in 0.003348 seconds.
Begin MonoManager ReloadAssembly
Native extension for WindowsStandalone target not found
Refreshing native plugins compatible for Editor in 0.59 ms, found 1 plugins.
Preloading 0 native plugins for Editor in 0.00 ms.
Mono: successfully reloaded assembly
- Completed reload, in  1.231 seconds
Platform modules already initialized, skipping
Refreshing native plugins compatible for Editor in 0.60 ms, found 1 plugins.
Preloading 0 native plugins for Editor in 0.00 ms.
Unloading 2292 Unused Serialized files (Serialized files now loaded: 0)
System memory in use before: 107.0 MB.
System memory in use after: 107.1 MB.

Unloading 15 unused Assets to reduce memory usage. Loaded Objects now: 2911.
Total: 3.197100 ms (FindLiveObjects: 0.335400 ms CreateObjectMapping: 0.159900 ms MarkObjects: 2.556200 ms  DeleteObjects: 0.144100 ms)

========================================================================
Received Prepare
Registering precompiled user dll's ...
Registered in 0.002828 seconds.
Begin MonoManager ReloadAssembly
Native extension for WindowsStandalone target not found
Refreshing native plugins compatible for Editor in 0.87 ms, found 1 plugins.
Preloading 0 native plugins for Editor in 0.00 ms.
Mono: successfully reloaded assembly
- Completed reload, in  2.402 seconds
Platform modules already initialized, skipping
Refreshing native plugins compatible for Editor in 0.90 ms, found 1 plugins.
Preloading 0 native plugins for Editor in 0.00 ms.
Unloading 2292 Unused Serialized files (Serialized files now loaded: 0)
System memory in use before: 106.9 MB.
System memory in use after: 107.0 MB.

Unloading 15 unused Assets to reduce memory usage. Loaded Objects now: 2915.
Total: 4.585400 ms (FindLiveObjects: 0.324100 ms CreateObjectMapping: 0.132000 ms MarkObjects: 3.940900 ms  DeleteObjects: 0.186000 ms)

========================================================================
Received Import Request.
  Time since last request: 333.477272 seconds.
  path: Assets/Scenes/Prologue/Prologue_Scene4.unity
  artifactKey: Guid(b8f2f90b7d8604b44aa3e3f6697d661d) Importer(815301076,1909f56bfc062723c751e8b465ee728b)
Start importing Assets/Scenes/Prologue/Prologue_Scene4.unity using Guid(b8f2f90b7d8604b44aa3e3f6697d661d) Importer(815301076,1909f56bfc062723c751e8b465ee728b)  -> (artifact id: '1564c5fc24e77b744b0aab4f5e8c738a') in 0.188853 seconds
  Import took 0.201899 seconds .

========================================================================
Received Import Request.
  Time since last request: 59.782911 seconds.
  path: Assets/Scenes/Prologue/Prologue_Scene1.unity
  artifactKey: Guid(584f461822bb89f45a1c0d33004c5b6d) Importer(815301076,1909f56bfc062723c751e8b465ee728b)
Start importing Assets/Scenes/Prologue/Prologue_Scene1.unity using Guid(584f461822bb89f45a1c0d33004c5b6d) Importer(815301076,1909f56bfc062723c751e8b465ee728b)  -> (artifact id: '5dd936f73f7b69d19112c2f2eb0c6978') in 0.006009 seconds
  Import took 0.021594 seconds .

========================================================================
Received Prepare
Registering precompiled user dll's ...
Registered in 0.062541 seconds.
Begin MonoManager ReloadAssembly
Native extension for WindowsStandalone target not found
Refreshing native plugins compatible for Editor in 17.42 ms, found 1 plugins.
Preloading 0 native plugins for Editor in 0.00 ms.
Mono: successfully reloaded assembly
- Completed reload, in 134.930 seconds
Platform modules already initialized, skipping
Refreshing native plugins compatible for Editor in 1.55 ms, found 1 plugins.
Preloading 0 native plugins for Editor in 0.00 ms.
Unloading 2292 Unused Serialized files (Serialized files now loaded: 0)
System memory in use before: 107.0 MB.
System memory in use after: 107.1 MB.

Unloading 15 unused Assets to reduce memory usage. Loaded Objects now: 2919.
Total: 360.793900 ms (FindLiveObjects: 0.500400 ms CreateObjectMapping: 0.198700 ms MarkObjects: 247.947400 ms  DeleteObjects: 112.143000 ms)

========================================================================
Received Prepare
Registering precompiled user dll's ...
Registered in 0.008803 seconds.
Begin MonoManager ReloadAssembly
Native extension for WindowsStandalone target not found
Refreshing native plugins compatible for Editor in 2.13 ms, found 1 plugins.
Preloading 0 native plugins for Editor in 0.00 ms.
Mono: successfully reloaded assembly
- Completed reload, in  5.191 seconds
Platform modules already initialized, skipping
Refreshing native plugins compatible for Editor in 1.88 ms, found 1 plugins.
Preloading 0 native plugins for Editor in 0.00 ms.
Unloading 2292 Unused Serialized files (Serialized files now loaded: 0)
System memory in use before: 107.0 MB.
System memory in use after: 107.1 MB.

Unloading 15 unused Assets to reduce memory usage. Loaded Objects now: 2923.
Total: 9.524200 ms (FindLiveObjects: 1.008500 ms CreateObjectMapping: 1.382700 ms MarkObjects: 6.744900 ms  DeleteObjects: 0.385600 ms)

========================================================================
Received Import Request.
  Time since last request: 2124.207835 seconds.
  path: Assets/Prefabs/Options Bar.prefab
  artifactKey: Guid(a4e8ee6a8f5ebed489658c5bdf0c91ac) Importer(815301076,1909f56bfc062723c751e8b465ee728b)
Start importing Assets/Prefabs/Options Bar.prefab using Guid(a4e8ee6a8f5ebed489658c5bdf0c91ac) Importer(815301076,1909f56bfc062723c751e8b465ee728b)  -> (artifact id: '5835e0ba2312c96a9ec380d582faee97') in 0.873175 seconds
  Import took 0.895166 seconds .

========================================================================
Received Prepare
Registering precompiled user dll's ...
Registered in 0.003829 seconds.
Begin MonoManager ReloadAssembly
Native extension for WindowsStandalone target not found
Refreshing native plugins compatible for Editor in 0.56 ms, found 1 plugins.
Preloading 0 native plugins for Editor in 0.00 ms.
Mono: successfully reloaded assembly
- Completed reload, in  2.154 seconds
Platform modules already initialized, skipping
Refreshing native plugins compatible for Editor in 1.38 ms, found 1 plugins.
Preloading 0 native plugins for Editor in 0.00 ms.
Unloading 2292 Unused Serialized files (Serialized files now loaded: 0)
System memory in use before: 107.0 MB.
System memory in use after: 107.1 MB.

Unloading 15 unused Assets to reduce memory usage. Loaded Objects now: 2927.
Total: 8.668400 ms (FindLiveObjects: 0.627800 ms CreateObjectMapping: 0.404700 ms MarkObjects: 7.006400 ms  DeleteObjects: 0.625600 ms)

========================================================================
Received Prepare
Registering precompiled user dll's ...
Registered in 0.004758 seconds.
Begin MonoManager ReloadAssembly
Native extension for WindowsStandalone target not found
Refreshing native plugins compatible for Editor in 1.45 ms, found 1 plugins.
Preloading 0 native plugins for Editor in 0.00 ms.
Mono: successfully reloaded assembly
- Completed reload, in  2.274 seconds
Platform modules already initialized, skipping
Refreshing native plugins compatible for Editor in 0.64 ms, found 1 plugins.
Preloading 0 native plugins for Editor in 0.00 ms.
Unloading 2292 Unused Serialized files (Serialized files now loaded: 0)
System memory in use before: 107.0 MB.
System memory in use after: 107.1 MB.

Unloading 15 unused Assets to reduce memory usage. Loaded Objects now: 2931.
Total: 4.234400 ms (FindLiveObjects: 0.388500 ms CreateObjectMapping: 0.211000 ms MarkObjects: 3.452300 ms  DeleteObjects: 0.180800 ms)

========================================================================
Received Prepare
Registering precompiled user dll's ...
Registered in 0.003124 seconds.
Begin MonoManager ReloadAssembly
Native extension for WindowsStandalone target not found
Refreshing native plugins compatible for Editor in 1.23 ms, found 1 plugins.
Preloading 0 native plugins for Editor in 0.00 ms.
Mono: successfully reloaded assembly
- Completed reload, in  2.576 seconds
Platform modules already initialized, skipping
Refreshing native plugins compatible for Editor in 1.26 ms, found 1 plugins.
Preloading 0 native plugins for Editor in 0.00 ms.
Unloading 2292 Unused Serialized files (Serialized files now loaded: 0)
System memory in use before: 106.9 MB.
System memory in use after: 107.0 MB.

Unloading 15 unused Assets to reduce memory usage. Loaded Objects now: 2935.
Total: 7.155200 ms (FindLiveObjects: 0.569400 ms CreateObjectMapping: 0.313500 ms MarkObjects: 5.932000 ms  DeleteObjects: 0.337400 ms)

========================================================================
Received Prepare
Registering precompiled user dll's ...
Registered in 0.007377 seconds.
Begin MonoManager ReloadAssembly
Native extension for WindowsStandalone target not found
Refreshing native plugins compatible for Editor in 0.72 ms, found 1 plugins.
Preloading 0 native plugins for Editor in 0.00 ms.
Mono: successfully reloaded assembly
- Completed reload, in  2.210 seconds
Platform modules already initialized, skipping
Refreshing native plugins compatible for Editor in 0.84 ms, found 1 plugins.
Preloading 0 native plugins for Editor in 0.00 ms.
Unloading 2292 Unused Serialized files (Serialized files now loaded: 0)
System memory in use before: 107.1 MB.
System memory in use after: 107.1 MB.

Unloading 15 unused Assets to reduce memory usage. Loaded Objects now: 2939.
Total: 4.815100 ms (FindLiveObjects: 0.562100 ms CreateObjectMapping: 0.369000 ms MarkObjects: 3.664300 ms  DeleteObjects: 0.217400 ms)

========================================================================
Received Prepare
Registering precompiled user dll's ...
Registered in 0.003689 seconds.
Begin MonoManager ReloadAssembly
Native extension for WindowsStandalone target not found
Refreshing native plugins compatible for Editor in 0.79 ms, found 1 plugins.
Preloading 0 native plugins for Editor in 0.00 ms.
Mono: successfully reloaded assembly
- Completed reload, in  2.233 seconds
Platform modules already initialized, skipping
Refreshing native plugins compatible for Editor in 1.08 ms, found 1 plugins.
Preloading 0 native plugins for Editor in 0.00 ms.
Unloading 2292 Unused Serialized files (Serialized files now loaded: 0)
System memory in use before: 107.1 MB.
System memory in use after: 107.1 MB.

Unloading 15 unused Assets to reduce memory usage. Loaded Objects now: 2943.
Total: 4.673700 ms (FindLiveObjects: 0.441000 ms CreateObjectMapping: 0.245600 ms MarkObjects: 3.794100 ms  DeleteObjects: 0.190600 ms)

========================================================================
Received Prepare
Registering precompiled user dll's ...
Registered in 0.112835 seconds.
Begin MonoManager ReloadAssembly
Native extension for WindowsStandalone target not found
Refreshing native plugins compatible for Editor in 1.59 ms, found 1 plugins.
Preloading 0 native plugins for Editor in 0.00 ms.
Mono: successfully reloaded assembly
- Completed reload, in 13.903 seconds
Platform modules already initialized, skipping
Refreshing native plugins compatible for Editor in 1.76 ms, found 1 plugins.
Preloading 0 native plugins for Editor in 0.00 ms.
Unloading 2292 Unused Serialized files (Serialized files now loaded: 0)
System memory in use before: 107.1 MB.
System memory in use after: 107.1 MB.

Unloading 15 unused Assets to reduce memory usage. Loaded Objects now: 2947.
Total: 72.493400 ms (FindLiveObjects: 0.506000 ms CreateObjectMapping: 0.128400 ms MarkObjects: 56.222700 ms  DeleteObjects: 15.633700 ms)

========================================================================
Received Prepare
Registering precompiled user dll's ...
Registered in 0.044953 seconds.
Begin MonoManager ReloadAssembly
Native extension for WindowsStandalone target not found
Refreshing native plugins compatible for Editor in 0.51 ms, found 1 plugins.
Preloading 0 native plugins for Editor in 0.00 ms.
Mono: successfully reloaded assembly
- Completed reload, in  1.509 seconds
Platform modules already initialized, skipping
Refreshing native plugins compatible for Editor in 0.60 ms, found 1 plugins.
Preloading 0 native plugins for Editor in 0.00 ms.
Unloading 2292 Unused Serialized files (Serialized files now loaded: 0)
System memory in use before: 107.1 MB.
System memory in use after: 107.2 MB.

Unloading 15 unused Assets to reduce memory usage. Loaded Objects now: 2951.
Total: 4.163700 ms (FindLiveObjects: 0.362000 ms CreateObjectMapping: 0.158500 ms MarkObjects: 3.477000 ms  DeleteObjects: 0.164700 ms)

========================================================================
Received Prepare
Registering precompiled user dll's ...
Registered in 0.002366 seconds.
Begin MonoManager ReloadAssembly
Native extension for WindowsStandalone target not found
Refreshing native plugins compatible for Editor in 0.53 ms, found 1 plugins.
Preloading 0 native plugins for Editor in 0.00 ms.
Mono: successfully reloaded assembly
- Completed reload, in  1.340 seconds
Platform modules already initialized, skipping
Refreshing native plugins compatible for Editor in 0.67 ms, found 1 plugins.
Preloading 0 native plugins for Editor in 0.00 ms.
Unloading 2292 Unused Serialized files (Serialized files now loaded: 0)
System memory in use before: 107.0 MB.
System memory in use after: 107.1 MB.

Unloading 15 unused Assets to reduce memory usage. Loaded Objects now: 2955.
Total: 16.171100 ms (FindLiveObjects: 0.405500 ms CreateObjectMapping: 0.151800 ms MarkObjects: 15.337600 ms  DeleteObjects: 0.273200 ms)

========================================================================
Received Import Request.
  Time since last request: 6671.935824 seconds.
  path: Assets/Prefabs/Options Bar.prefab
  artifactKey: Guid(a4e8ee6a8f5ebed489658c5bdf0c91ac) Importer(815301076,1909f56bfc062723c751e8b465ee728b)
Start importing Assets/Prefabs/Options Bar.prefab using Guid(a4e8ee6a8f5ebed489658c5bdf0c91ac) Importer(815301076,1909f56bfc062723c751e8b465ee728b)  -> (artifact id: '85eb54d05a1adf3f55761ec5a0b6e5b9') in 2.086015 seconds
  Import took 4.288276 seconds .

========================================================================
Received Import Request.
  Time since last request: 584.877767 seconds.
  path: Assets/Scenes/Prologue/Prologue_Scene2.unity
  artifactKey: Guid(8f746b3c799109b418d14b7c257ed170) Importer(815301076,1909f56bfc062723c751e8b465ee728b)
Start importing Assets/Scenes/Prologue/Prologue_Scene2.unity using Guid(8f746b3c799109b418d14b7c257ed170) Importer(815301076,1909f56bfc062723c751e8b465ee728b)  -> (artifact id: '459d20936e1a83ea9dbddc531eae506e') in 0.273010 seconds
  Import took 0.284944 seconds .

========================================================================
Received Prepare
Registering precompiled user dll's ...
Registered in 0.010910 seconds.
Begin MonoManager ReloadAssembly
Native extension for WindowsStandalone target not found
Refreshing native plugins compatible for Editor in 0.54 ms, found 1 plugins.
Preloading 0 native plugins for Editor in 0.00 ms.
Mono: successfully reloaded assembly
- Completed reload, in  6.902 seconds
Platform modules already initialized, skipping
Refreshing native plugins compatible for Editor in 0.60 ms, found 1 plugins.
Preloading 0 native plugins for Editor in 0.00 ms.
Unloading 2292 Unused Serialized files (Serialized files now loaded: 0)
System memory in use before: 107.0 MB.
System memory in use after: 107.1 MB.

Unloading 15 unused Assets to reduce memory usage. Loaded Objects now: 2959.
Total: 16.695900 ms (FindLiveObjects: 0.946700 ms CreateObjectMapping: 0.411500 ms MarkObjects: 14.967200 ms  DeleteObjects: 0.366000 ms)

========================================================================
Received Prepare
Registering precompiled user dll's ...
Registered in 0.002566 seconds.
Begin MonoManager ReloadAssembly
Native extension for WindowsStandalone target not found
Refreshing native plugins compatible for Editor in 0.58 ms, found 1 plugins.
Preloading 0 native plugins for Editor in 0.00 ms.
Mono: successfully reloaded assembly
- Completed reload, in  1.463 seconds
Platform modules already initialized, skipping
Refreshing native plugins compatible for Editor in 0.63 ms, found 1 plugins.
Preloading 0 native plugins for Editor in 0.00 ms.
Unloading 2292 Unused Serialized files (Serialized files now loaded: 0)
System memory in use before: 107.0 MB.
System memory in use after: 107.1 MB.

Unloading 15 unused Assets to reduce memory usage. Loaded Objects now: 2963.
Total: 3.405400 ms (FindLiveObjects: 0.424900 ms CreateObjectMapping: 0.164100 ms MarkObjects: 2.625600 ms  DeleteObjects: 0.189000 ms)

========================================================================
Received Prepare
Registering precompiled user dll's ...
Registered in 0.003311 seconds.
Begin MonoManager ReloadAssembly
Native extension for WindowsStandalone target not found
Refreshing native plugins compatible for Editor in 0.54 ms, found 1 plugins.
Preloading 0 native plugins for Editor in 0.00 ms.
Mono: successfully reloaded assembly
- Completed reload, in  1.220 seconds
Platform modules already initialized, skipping
Refreshing native plugins compatible for Editor in 0.74 ms, found 1 plugins.
Preloading 0 native plugins for Editor in 0.00 ms.
Unloading 2292 Unused Serialized files (Serialized files now loaded: 0)
System memory in use before: 107.1 MB.
System memory in use after: 107.2 MB.

Unloading 15 unused Assets to reduce memory usage. Loaded Objects now: 2967.
Total: 13.631500 ms (FindLiveObjects: 0.387900 ms CreateObjectMapping: 0.152600 ms MarkObjects: 12.897800 ms  DeleteObjects: 0.191600 ms)

========================================================================
Received Prepare
Registering precompiled user dll's ...
Registered in 0.002403 seconds.
Begin MonoManager ReloadAssembly
Native extension for WindowsStandalone target not found
Refreshing native plugins compatible for Editor in 0.69 ms, found 1 plugins.
Preloading 0 native plugins for Editor in 0.00 ms.
Mono: successfully reloaded assembly
- Completed reload, in  1.319 seconds
Platform modules already initialized, skipping
Refreshing native plugins compatible for Editor in 0.97 ms, found 1 plugins.
Preloading 0 native plugins for Editor in 0.00 ms.
Unloading 2292 Unused Serialized files (Serialized files now loaded: 0)
System memory in use before: 107.1 MB.
System memory in use after: 107.2 MB.

Unloading 15 unused Assets to reduce memory usage. Loaded Objects now: 2971.
Total: 3.806500 ms (FindLiveObjects: 0.799200 ms CreateObjectMapping: 0.240500 ms MarkObjects: 2.577000 ms  DeleteObjects: 0.188200 ms)

========================================================================
Received Import Request.
  Time since last request: 115.190694 seconds.
  path: Assets/Scenes/Prologue/Prologue_Scene1.unity
  artifactKey: Guid(584f461822bb89f45a1c0d33004c5b6d) Importer(815301076,1909f56bfc062723c751e8b465ee728b)
Start importing Assets/Scenes/Prologue/Prologue_Scene1.unity using Guid(584f461822bb89f45a1c0d33004c5b6d) Importer(815301076,1909f56bfc062723c751e8b465ee728b)  -> (artifact id: 'ff933aff4e8ee42338127f69525886db') in 0.213722 seconds
  Import took 0.229339 seconds .

========================================================================
Received Import Request.
  Time since last request: 12.313722 seconds.
  path: Assets/Scenes/Prologue/Prologue_Scene2.unity
  artifactKey: Guid(8f746b3c799109b418d14b7c257ed170) Importer(815301076,1909f56bfc062723c751e8b465ee728b)
Start importing Assets/Scenes/Prologue/Prologue_Scene2.unity using Guid(8f746b3c799109b418d14b7c257ed170) Importer(815301076,1909f56bfc062723c751e8b465ee728b)  -> (artifact id: '8eaa65ecae5e7bbc18205659afba438d') in 0.023981 seconds
  Import took 0.036796 seconds .

========================================================================
Received Import Request.
  Time since last request: 9.822343 seconds.
  path: Assets/Scenes/Prologue/Prologue_Scene3.unity
  artifactKey: Guid(9cb6549a750ac0947b138fd7ed8389b9) Importer(815301076,1909f56bfc062723c751e8b465ee728b)
Start importing Assets/Scenes/Prologue/Prologue_Scene3.unity using Guid(9cb6549a750ac0947b138fd7ed8389b9) Importer(815301076,1909f56bfc062723c751e8b465ee728b)  -> (artifact id: '2a9224fb86ac53b3726dbd594ff0c5da') in 0.045540 seconds
  Import took 0.052574 seconds .

========================================================================
Received Prepare
Registering precompiled user dll's ...
Registered in 0.002782 seconds.
Begin MonoManager ReloadAssembly
Native extension for WindowsStandalone target not found
Refreshing native plugins compatible for Editor in 0.54 ms, found 1 plugins.
Preloading 0 native plugins for Editor in 0.00 ms.
Mono: successfully reloaded assembly
- Completed reload, in  1.151 seconds
Platform modules already initialized, skipping
Refreshing native plugins compatible for Editor in 0.66 ms, found 1 plugins.
Preloading 0 native plugins for Editor in 0.00 ms.
Unloading 2292 Unused Serialized files (Serialized files now loaded: 0)
System memory in use before: 107.2 MB.
System memory in use after: 107.2 MB.

Unloading 15 unused Assets to reduce memory usage. Loaded Objects now: 2975.
Total: 3.467100 ms (FindLiveObjects: 0.314100 ms CreateObjectMapping: 0.119600 ms MarkObjects: 2.852800 ms  DeleteObjects: 0.179700 ms)

========================================================================
Received Prepare
Registering precompiled user dll's ...
Registered in 0.011556 seconds.
Begin MonoManager ReloadAssembly
Native extension for WindowsStandalone target not found
Refreshing native plugins compatible for Editor in 0.55 ms, found 1 plugins.
Preloading 0 native plugins for Editor in 0.00 ms.
Mono: successfully reloaded assembly
- Completed reload, in  1.229 seconds
Platform modules already initialized, skipping
Refreshing native plugins compatible for Editor in 0.60 ms, found 1 plugins.
Preloading 0 native plugins for Editor in 0.00 ms.
Unloading 2292 Unused Serialized files (Serialized files now loaded: 0)
System memory in use before: 107.2 MB.
System memory in use after: 107.2 MB.

Unloading 15 unused Assets to reduce memory usage. Loaded Objects now: 2979.
Total: 4.924200 ms (FindLiveObjects: 0.458400 ms CreateObjectMapping: 0.205800 ms MarkObjects: 4.024400 ms  DeleteObjects: 0.233900 ms)

========================================================================
Received Prepare
Registering precompiled user dll's ...
Registered in 0.002915 seconds.
Begin MonoManager ReloadAssembly
Native extension for WindowsStandalone target not found
Refreshing native plugins compatible for Editor in 0.55 ms, found 1 plugins.
Preloading 0 native plugins for Editor in 0.00 ms.
Mono: successfully reloaded assembly
- Completed reload, in  1.079 seconds
Platform modules already initialized, skipping
Refreshing native plugins compatible for Editor in 0.56 ms, found 1 plugins.
Preloading 0 native plugins for Editor in 0.00 ms.
Unloading 2292 Unused Serialized files (Serialized files now loaded: 0)
System memory in use before: 107.1 MB.
System memory in use after: 107.2 MB.

Unloading 15 unused Assets to reduce memory usage. Loaded Objects now: 2983.
Total: 3.290400 ms (FindLiveObjects: 0.497600 ms CreateObjectMapping: 0.124100 ms MarkObjects: 2.407200 ms  DeleteObjects: 0.258300 ms)

========================================================================
Received Import Request.
  Time since last request: 153.250176 seconds.
  path: Assets/Scenes/Prologue/Prologue_Scene2.unity
  artifactKey: Guid(8f746b3c799109b418d14b7c257ed170) Importer(815301076,1909f56bfc062723c751e8b465ee728b)
Start importing Assets/Scenes/Prologue/Prologue_Scene2.unity using Guid(8f746b3c799109b418d14b7c257ed170) Importer(815301076,1909f56bfc062723c751e8b465ee728b)  -> (artifact id: '17959d9cf0939f9c75ad779bb122fa30') in 0.404617 seconds
  Import took 0.423196 seconds .

========================================================================
Received Import Request.
  Time since last request: 6.029244 seconds.
  path: Assets/Scenes/Prologue/Prologue_Scene3.unity
  artifactKey: Guid(9cb6549a750ac0947b138fd7ed8389b9) Importer(815301076,1909f56bfc062723c751e8b465ee728b)
Start importing Assets/Scenes/Prologue/Prologue_Scene3.unity using Guid(9cb6549a750ac0947b138fd7ed8389b9) Importer(815301076,1909f56bfc062723c751e8b465ee728b)  -> (artifact id: '34bdfd618c7526db5e810a26e0d40596') in 0.007749 seconds
  Import took 0.021852 seconds .

========================================================================
Received Prepare
Registering precompiled user dll's ...
Registered in 0.002713 seconds.
Begin MonoManager ReloadAssembly
Native extension for WindowsStandalone target not found
Refreshing native plugins compatible for Editor in 0.57 ms, found 1 plugins.
Preloading 0 native plugins for Editor in 0.00 ms.
Mono: successfully reloaded assembly
- Completed reload, in  1.114 seconds
Platform modules already initialized, skipping
Refreshing native plugins compatible for Editor in 0.67 ms, found 1 plugins.
Preloading 0 native plugins for Editor in 0.00 ms.
Unloading 2292 Unused Serialized files (Serialized files now loaded: 0)
System memory in use before: 107.2 MB.
System memory in use after: 107.3 MB.

Unloading 15 unused Assets to reduce memory usage. Loaded Objects now: 2987.
Total: 3.443700 ms (FindLiveObjects: 0.586600 ms CreateObjectMapping: 0.147400 ms MarkObjects: 2.517700 ms  DeleteObjects: 0.191000 ms)

========================================================================
Received Import Request.
  Time since last request: 119.156819 seconds.
  path: Assets/Prefabs/Options Bar.prefab
  artifactKey: Guid(a4e8ee6a8f5ebed489658c5bdf0c91ac) Importer(815301076,1909f56bfc062723c751e8b465ee728b)
Start importing Assets/Prefabs/Options Bar.prefab using Guid(a4e8ee6a8f5ebed489658c5bdf0c91ac) Importer(815301076,1909f56bfc062723c751e8b465ee728b)  -> (artifact id: 'e5eb592557b33ff8ae40027b9decbe09') in 0.153082 seconds
  Import took 0.170847 seconds .

========================================================================
Received Prepare
Registering precompiled user dll's ...
Registered in 0.002399 seconds.
Begin MonoManager ReloadAssembly
Native extension for WindowsStandalone target not found
Refreshing native plugins compatible for Editor in 0.63 ms, found 1 plugins.
Preloading 0 native plugins for Editor in 0.00 ms.
Mono: successfully reloaded assembly
- Completed reload, in  1.650 seconds
Platform modules already initialized, skipping
Refreshing native plugins compatible for Editor in 0.67 ms, found 1 plugins.
Preloading 0 native plugins for Editor in 0.00 ms.
Unloading 2292 Unused Serialized files (Serialized files now loaded: 0)
System memory in use before: 107.2 MB.
System memory in use after: 107.3 MB.

Unloading 15 unused Assets to reduce memory usage. Loaded Objects now: 2991.
Total: 3.313400 ms (FindLiveObjects: 0.388200 ms CreateObjectMapping: 0.207200 ms MarkObjects: 2.526200 ms  DeleteObjects: 0.190000 ms)

========================================================================
Received Import Request.
  Time since last request: 53.394796 seconds.
  path: Assets/Scenes/Prologue/Prologue_Scene3.unity
  artifactKey: Guid(9cb6549a750ac0947b138fd7ed8389b9) Importer(815301076,1909f56bfc062723c751e8b465ee728b)
Start importing Assets/Scenes/Prologue/Prologue_Scene3.unity using Guid(9cb6549a750ac0947b138fd7ed8389b9) Importer(815301076,1909f56bfc062723c751e8b465ee728b)  -> (artifact id: '11065a097e294e175edb0c2fce872f0c') in 0.025122 seconds
  Import took 0.039860 seconds .

========================================================================
Received Import Request.
  Time since last request: 18.856790 seconds.
  path: Assets/Scenes/Prologue/Prologue_Scene4.unity
  artifactKey: Guid(b8f2f90b7d8604b44aa3e3f6697d661d) Importer(815301076,1909f56bfc062723c751e8b465ee728b)
Start importing Assets/Scenes/Prologue/Prologue_Scene4.unity using Guid(b8f2f90b7d8604b44aa3e3f6697d661d) Importer(815301076,1909f56bfc062723c751e8b465ee728b)  -> (artifact id: 'fea971adc994ba15cf05fb96f70745c4') in 0.061764 seconds
  Import took 0.068327 seconds .

========================================================================
Received Import Request.
  Time since last request: 107.394592 seconds.
  path: Assets/Scenes/Prologue/Prologue_Scene1.unity
  artifactKey: Guid(584f461822bb89f45a1c0d33004c5b6d) Importer(815301076,1909f56bfc062723c751e8b465ee728b)
Start importing Assets/Scenes/Prologue/Prologue_Scene1.unity using Guid(584f461822bb89f45a1c0d33004c5b6d) Importer(815301076,1909f56bfc062723c751e8b465ee728b)  -> (artifact id: 'feb69bf363517c84ca032789be435efe') in 0.006857 seconds
  Import took 0.063282 seconds .

========================================================================
Received Import Request.
  Time since last request: 11.212564 seconds.
  path: Assets/Scenes/Prologue/Prologue_Scene2.unity
  artifactKey: Guid(8f746b3c799109b418d14b7c257ed170) Importer(815301076,1909f56bfc062723c751e8b465ee728b)
Start importing Assets/Scenes/Prologue/Prologue_Scene2.unity using Guid(8f746b3c799109b418d14b7c257ed170) Importer(815301076,1909f56bfc062723c751e8b465ee728b)  -> (artifact id: '6ecf0ba90d216ef3b4468d0bca0b155b') in 0.067414 seconds
  Import took 0.083599 seconds .

========================================================================
Received Import Request.
  Time since last request: 7.936667 seconds.
  path: Assets/Scenes/Prologue/Prologue_Scene3.unity
  artifactKey: Guid(9cb6549a750ac0947b138fd7ed8389b9) Importer(815301076,1909f56bfc062723c751e8b465ee728b)
Start importing Assets/Scenes/Prologue/Prologue_Scene3.unity using Guid(9cb6549a750ac0947b138fd7ed8389b9) Importer(815301076,1909f56bfc062723c751e8b465ee728b)  -> (artifact id: 'd7323dc271f663da116e665b40627374') in 0.005616 seconds
  Import took 0.019113 seconds .

========================================================================
Received Import Request.
  Time since last request: 16.008049 seconds.
  path: Assets/Scenes/Prologue/Prologue_Scene4.unity
  artifactKey: Guid(b8f2f90b7d8604b44aa3e3f6697d661d) Importer(815301076,1909f56bfc062723c751e8b465ee728b)
Start importing Assets/Scenes/Prologue/Prologue_Scene4.unity using Guid(b8f2f90b7d8604b44aa3e3f6697d661d) Importer(815301076,1909f56bfc062723c751e8b465ee728b)  -> (artifact id: 'f94a94e86fe82383d61ff83bf4e55524') in 0.013355 seconds
  Import took 0.037661 seconds .

========================================================================
Received Import Request.
  Time since last request: 0.001337 seconds.
  path: Assets/Scenes/Prologue/Prologue_Scene4.unity
  artifactKey: Guid(b8f2f90b7d8604b44aa3e3f6697d661d) Importer(815301076,1909f56bfc062723c751e8b465ee728b)
Start importing Assets/Scenes/Prologue/Prologue_Scene4.unity using Guid(b8f2f90b7d8604b44aa3e3f6697d661d) Importer(815301076,1909f56bfc062723c751e8b465ee728b)  -> (artifact id: 'f94a94e86fe82383d61ff83bf4e55524') in 0.025078 seconds
  Import took 0.062449 seconds .

========================================================================
Received Prepare
Registering precompiled user dll's ...
Registered in 0.002993 seconds.
Begin MonoManager ReloadAssembly
Native extension for WindowsStandalone target not found
Refreshing native plugins compatible for Editor in 0.61 ms, found 1 plugins.
Preloading 0 native plugins for Editor in 0.00 ms.
Mono: successfully reloaded assembly
- Completed reload, in  1.237 seconds
Platform modules already initialized, skipping
Refreshing native plugins compatible for Editor in 0.61 ms, found 1 plugins.
Preloading 0 native plugins for Editor in 0.00 ms.
Unloading 2292 Unused Serialized files (Serialized files now loaded: 0)
System memory in use before: 107.3 MB.
System memory in use after: 107.3 MB.

Unloading 15 unused Assets to reduce memory usage. Loaded Objects now: 2995.
Total: 3.330600 ms (FindLiveObjects: 0.362200 ms CreateObjectMapping: 0.174300 ms MarkObjects: 2.645100 ms  DeleteObjects: 0.147400 ms)

========================================================================
Received Prepare
Registering precompiled user dll's ...
Registered in 0.002878 seconds.
Begin MonoManager ReloadAssembly
Native extension for WindowsStandalone target not found
Refreshing native plugins compatible for Editor in 0.59 ms, found 1 plugins.
Preloading 0 native plugins for Editor in 0.00 ms.
Mono: successfully reloaded assembly
- Completed reload, in  1.285 seconds
Platform modules already initialized, skipping
Refreshing native plugins compatible for Editor in 0.69 ms, found 1 plugins.
Preloading 0 native plugins for Editor in 0.00 ms.
Unloading 2292 Unused Serialized files (Serialized files now loaded: 0)
System memory in use before: 107.3 MB.
System memory in use after: 107.4 MB.

Unloading 15 unused Assets to reduce memory usage. Loaded Objects now: 2999.
Total: 3.698000 ms (FindLiveObjects: 0.377600 ms CreateObjectMapping: 0.165700 ms MarkObjects: 3.008000 ms  DeleteObjects: 0.145000 ms)

========================================================================
Received Prepare
Registering precompiled user dll's ...
Registered in 0.003168 seconds.
Begin MonoManager ReloadAssembly
Native extension for WindowsStandalone target not found
Refreshing native plugins compatible for Editor in 0.89 ms, found 1 plugins.
Preloading 0 native plugins for Editor in 0.00 ms.
Mono: successfully reloaded assembly
- Completed reload, in  2.296 seconds
Platform modules already initialized, skipping
Refreshing native plugins compatible for Editor in 0.84 ms, found 1 plugins.
Preloading 0 native plugins for Editor in 0.00 ms.
Unloading 2292 Unused Serialized files (Serialized files now loaded: 0)
System memory in use before: 107.2 MB.
System memory in use after: 107.3 MB.

Unloading 15 unused Assets to reduce memory usage. Loaded Objects now: 3003.
Total: 4.938400 ms (FindLiveObjects: 0.610800 ms CreateObjectMapping: 0.289800 ms MarkObjects: 3.817800 ms  DeleteObjects: 0.215600 ms)

========================================================================
Received Prepare
Registering precompiled user dll's ...
Registered in 0.003949 seconds.
Begin MonoManager ReloadAssembly
Native extension for WindowsStandalone target not found
Refreshing native plugins compatible for Editor in 0.84 ms, found 1 plugins.
Preloading 0 native plugins for Editor in 0.00 ms.
Mono: successfully reloaded assembly
- Completed reload, in  2.510 seconds
Platform modules already initialized, skipping
Refreshing native plugins compatible for Editor in 0.84 ms, found 1 plugins.
Preloading 0 native plugins for Editor in 0.00 ms.
Unloading 2292 Unused Serialized files (Serialized files now loaded: 0)
System memory in use before: 107.2 MB.
System memory in use after: 107.3 MB.

Unloading 15 unused Assets to reduce memory usage. Loaded Objects now: 3007.
Total: 5.107400 ms (FindLiveObjects: 0.569900 ms CreateObjectMapping: 0.215100 ms MarkObjects: 4.108400 ms  DeleteObjects: 0.212100 ms)

========================================================================
Received Prepare
Registering precompiled user dll's ...
Registered in 0.002961 seconds.
Begin MonoManager ReloadAssembly
Native extension for WindowsStandalone target not found
Refreshing native plugins compatible for Editor in 0.58 ms, found 1 plugins.
Preloading 0 native plugins for Editor in 0.00 ms.
Mono: successfully reloaded assembly
- Completed reload, in  1.196 seconds
Platform modules already initialized, skipping
Refreshing native plugins compatible for Editor in 0.62 ms, found 1 plugins.
Preloading 0 native plugins for Editor in 0.00 ms.
Unloading 2292 Unused Serialized files (Serialized files now loaded: 0)
System memory in use before: 107.2 MB.
System memory in use after: 107.3 MB.

Unloading 15 unused Assets to reduce memory usage. Loaded Objects now: 3011.
Total: 4.457700 ms (FindLiveObjects: 0.382300 ms CreateObjectMapping: 0.179400 ms MarkObjects: 3.730500 ms  DeleteObjects: 0.163200 ms)

========================================================================
Received Prepare
Registering precompiled user dll's ...
Registered in 0.002826 seconds.
Begin MonoManager ReloadAssembly
Native extension for WindowsStandalone target not found
Refreshing native plugins compatible for Editor in 0.62 ms, found 1 plugins.
Preloading 0 native plugins for Editor in 0.00 ms.
Mono: successfully reloaded assembly
- Completed reload, in  1.210 seconds
Platform modules already initialized, skipping
Refreshing native plugins compatible for Editor in 0.58 ms, found 1 plugins.
Preloading 0 native plugins for Editor in 0.00 ms.
Unloading 2292 Unused Serialized files (Serialized files now loaded: 0)
System memory in use before: 107.3 MB.
System memory in use after: 107.4 MB.

Unloading 15 unused Assets to reduce memory usage. Loaded Objects now: 3015.
Total: 3.480300 ms (FindLiveObjects: 0.387000 ms CreateObjectMapping: 0.171400 ms MarkObjects: 2.764000 ms  DeleteObjects: 0.155900 ms)

========================================================================
Received Prepare
Registering precompiled user dll's ...
Registered in 0.003541 seconds.
Begin MonoManager ReloadAssembly
Native extension for WindowsStandalone target not found
Refreshing native plugins compatible for Editor in 0.92 ms, found 1 plugins.
Preloading 0 native plugins for Editor in 0.00 ms.
Mono: successfully reloaded assembly
- Completed reload, in  2.275 seconds
Platform modules already initialized, skipping
Refreshing native plugins compatible for Editor in 0.85 ms, found 1 plugins.
Preloading 0 native plugins for Editor in 0.00 ms.
Unloading 2292 Unused Serialized files (Serialized files now loaded: 0)
System memory in use before: 107.3 MB.
System memory in use after: 107.4 MB.

Unloading 15 unused Assets to reduce memory usage. Loaded Objects now: 3019.
Total: 3.886100 ms (FindLiveObjects: 0.414700 ms CreateObjectMapping: 0.232500 ms MarkObjects: 3.053700 ms  DeleteObjects: 0.183400 ms)

========================================================================
Received Import Request.
  Time since last request: 270.246508 seconds.
  path: Assets/Prefabs/Fading Panel.prefab
  artifactKey: Guid(638edd6c33a626545a6c49e3c4bf1e06) Importer(815301076,1909f56bfc062723c751e8b465ee728b)
Start importing Assets/Prefabs/Fading Panel.prefab using Guid(638edd6c33a626545a6c49e3c4bf1e06) Importer(815301076,1909f56bfc062723c751e8b465ee728b)  -> (artifact id: 'f881dca56885d78eda8f6b7633d2b1bb') in 0.173297 seconds
  Import took 0.191636 seconds .

========================================================================
Received Prepare
Registering precompiled user dll's ...
Registered in 0.003086 seconds.
Begin MonoManager ReloadAssembly
Native extension for WindowsStandalone target not found
Refreshing native plugins compatible for Editor in 0.61 ms, found 1 plugins.
Preloading 0 native plugins for Editor in 0.00 ms.
Mono: successfully reloaded assembly
- Completed reload, in  1.230 seconds
Platform modules already initialized, skipping
Refreshing native plugins compatible for Editor in 0.65 ms, found 1 plugins.
Preloading 0 native plugins for Editor in 0.00 ms.
Unloading 2292 Unused Serialized files (Serialized files now loaded: 0)
System memory in use before: 107.3 MB.
System memory in use after: 107.4 MB.

Unloading 15 unused Assets to reduce memory usage. Loaded Objects now: 3023.
Total: 3.534900 ms (FindLiveObjects: 0.461000 ms CreateObjectMapping: 0.174200 ms MarkObjects: 2.756800 ms  DeleteObjects: 0.141100 ms)

========================================================================
Received Prepare
Registering precompiled user dll's ...
Registered in 0.004006 seconds.
Begin MonoManager ReloadAssembly
Native extension for WindowsStandalone target not found
Refreshing native plugins compatible for Editor in 1.26 ms, found 1 plugins.
Preloading 0 native plugins for Editor in 0.00 ms.
Mono: successfully reloaded assembly
- Completed reload, in  2.585 seconds
Platform modules already initialized, skipping
Refreshing native plugins compatible for Editor in 0.85 ms, found 1 plugins.
Preloading 0 native plugins for Editor in 0.00 ms.
Unloading 2292 Unused Serialized files (Serialized files now loaded: 0)
System memory in use before: 107.3 MB.
System memory in use after: 107.4 MB.

Unloading 15 unused Assets to reduce memory usage. Loaded Objects now: 3027.
Total: 4.557900 ms (FindLiveObjects: 0.661500 ms CreateObjectMapping: 0.297800 ms MarkObjects: 3.370700 ms  DeleteObjects: 0.226200 ms)

========================================================================
Received Import Request.
  Time since last request: 361.068790 seconds.
  path: Assets/Prefabs/EventSystem.prefab
  artifactKey: Guid(2a293325d48f8d9499941f70d0aeec64) Importer(815301076,1909f56bfc062723c751e8b465ee728b)
Start importing Assets/Prefabs/EventSystem.prefab using Guid(2a293325d48f8d9499941f70d0aeec64) Importer(815301076,1909f56bfc062723c751e8b465ee728b)  -> (artifact id: '6d18aa96870bd423fd1bcee580f3c37b') in 0.149655 seconds
  Import took 0.160501 seconds .

========================================================================
Received Prepare
Registering precompiled user dll's ...
Registered in 0.002758 seconds.
Begin MonoManager ReloadAssembly
Native extension for WindowsStandalone target not found
Refreshing native plugins compatible for Editor in 0.87 ms, found 1 plugins.
Preloading 0 native plugins for Editor in 0.00 ms.
Mono: successfully reloaded assembly
- Completed reload, in  2.317 seconds
Platform modules already initialized, skipping
Refreshing native plugins compatible for Editor in 1.16 ms, found 1 plugins.
Preloading 0 native plugins for Editor in 0.00 ms.
Unloading 2292 Unused Serialized files (Serialized files now loaded: 0)
System memory in use before: 107.3 MB.
System memory in use after: 107.3 MB.

Unloading 15 unused Assets to reduce memory usage. Loaded Objects now: 3031.
Total: 7.316300 ms (FindLiveObjects: 0.658600 ms CreateObjectMapping: 0.318500 ms MarkObjects: 5.852100 ms  DeleteObjects: 0.484100 ms)

========================================================================
Received Import Request.
  Time since last request: 89.098542 seconds.
  path: Assets/Scenes/ForbidenCity/ForbidenCIty_Scene1.unity
  artifactKey: Guid(67c06d6d8d86bdd45853c79a102b1a85) Importer(815301076,1909f56bfc062723c751e8b465ee728b)
Start importing Assets/Scenes/ForbidenCity/ForbidenCIty_Scene1.unity using Guid(67c06d6d8d86bdd45853c79a102b1a85) Importer(815301076,1909f56bfc062723c751e8b465ee728b)  -> (artifact id: 'd96bb9fccd0e873a86feb96408809191') in 0.108326 seconds
  Import took 0.121833 seconds .

========================================================================
Received Import Request.
  Time since last request: 49.147662 seconds.
  path: Assets/Scenes/ForbidenCity/ForbidenCity_Scene2.unity
  artifactKey: Guid(3073cbf6d3ca5e7408df36ca96a4f9cd) Importer(815301076,1909f56bfc062723c751e8b465ee728b)
Start importing Assets/Scenes/ForbidenCity/ForbidenCity_Scene2.unity using Guid(3073cbf6d3ca5e7408df36ca96a4f9cd) Importer(815301076,1909f56bfc062723c751e8b465ee728b)  -> (artifact id: '5e30045564f9ea05951c96f803ee25f3') in 0.628302 seconds
  Import took 0.640159 seconds .

========================================================================
Received Import Request.
  Time since last request: 46.855667 seconds.
  path: Assets/Scenes/ForbidenCity/ForbidenCity_Scene5.unity
  artifactKey: Guid(af991b96df963b74f864f87a1cae19f0) Importer(815301076,1909f56bfc062723c751e8b465ee728b)
Start importing Assets/Scenes/ForbidenCity/ForbidenCity_Scene5.unity using Guid(af991b96df963b74f864f87a1cae19f0) Importer(815301076,1909f56bfc062723c751e8b465ee728b)  -> (artifact id: 'd70c4858385412dc358969691fa5e0c4') in 0.086088 seconds
  Import took 0.093163 seconds .

========================================================================
Received Import Request.
  Time since last request: 28.206069 seconds.
  path: Assets/Scenes/ForbidenCity/ForbidenCity_Scene7.unity
  artifactKey: Guid(ba6cc5aca0567b547866c89fe2733b01) Importer(815301076,1909f56bfc062723c751e8b465ee728b)
Start importing Assets/Scenes/ForbidenCity/ForbidenCity_Scene7.unity using Guid(ba6cc5aca0567b547866c89fe2733b01) Importer(815301076,1909f56bfc062723c751e8b465ee728b)  -> (artifact id: '2615bcfe5bc2d36a77097430c49eccfa') in 0.027743 seconds
  Import took 0.034644 seconds .

========================================================================
Received Import Request.
  Time since last request: 8.173947 seconds.
  path: Assets/Scenes/ForbidenCity/ForbidenCIty_Scene8.unity
  artifactKey: Guid(e18afced7e4267f4aa2e53907b78a9bb) Importer(815301076,1909f56bfc062723c751e8b465ee728b)
Start importing Assets/Scenes/ForbidenCity/ForbidenCIty_Scene8.unity using Guid(e18afced7e4267f4aa2e53907b78a9bb) Importer(815301076,1909f56bfc062723c751e8b465ee728b)  -> (artifact id: '85df9daf4c3b953cfbcd742af422c238') in 0.091061 seconds
  Import took 0.106995 seconds .

========================================================================
Received Import Request.
  Time since last request: 11.584646 seconds.
  path: Assets/Scenes/ForbidenCity/ForbidenCity_Scene9.unity
  artifactKey: Guid(c5f1e426dbfd0a948a0630fc933b2d6b) Importer(815301076,1909f56bfc062723c751e8b465ee728b)
Start importing Assets/Scenes/ForbidenCity/ForbidenCity_Scene9.unity using Guid(c5f1e426dbfd0a948a0630fc933b2d6b) Importer(815301076,1909f56bfc062723c751e8b465ee728b)  -> (artifact id: '57936042a4f4aa543c0c3d701fd2974f') in 0.070092 seconds
  Import took 0.079398 seconds .

========================================================================
Received Import Request.
  Time since last request: 500.475746 seconds.
  path: Assets/Scenes/ForbidenCity/ForbidenCity_Scene10.unity
  artifactKey: Guid(44eb61dba25e52847964c1744bc8f6ce) Importer(815301076,1909f56bfc062723c751e8b465ee728b)
Start importing Assets/Scenes/ForbidenCity/ForbidenCity_Scene10.unity using Guid(44eb61dba25e52847964c1744bc8f6ce) Importer(815301076,1909f56bfc062723c751e8b465ee728b)  -> (artifact id: 'ecc171b943c65e403a87d4e3725bb00b') in 3.835581 seconds
  Import took 18.160359 seconds .

========================================================================
Received Import Request.
  Time since last request: 68.431014 seconds.
  path: Assets/Scenes/ForbidenCity/ForbidenCity_Scene13.unity
  artifactKey: Guid(842d64b3ad10f41479a37e6b7a7f1caf) Importer(815301076,1909f56bfc062723c751e8b465ee728b)
Start importing Assets/Scenes/ForbidenCity/ForbidenCity_Scene13.unity using Guid(842d64b3ad10f41479a37e6b7a7f1caf) Importer(815301076,1909f56bfc062723c751e8b465ee728b)  -> (artifact id: '5b2b7fdcb5dba20927aa6d29723fc51c') in 0.214742 seconds
  Import took 0.286843 seconds .

========================================================================
Received Import Request.
  Time since last request: 98.443787 seconds.
  path: Assets/Scenes/ForbidenCity/ForbidenCity_Scene15.unity
  artifactKey: Guid(1946acdc7ef0e544b8adec907336907c) Importer(815301076,1909f56bfc062723c751e8b465ee728b)
Start importing Assets/Scenes/ForbidenCity/ForbidenCity_Scene15.unity using Guid(1946acdc7ef0e544b8adec907336907c) Importer(815301076,1909f56bfc062723c751e8b465ee728b)  -> (artifact id: '00145342754643adb90c61cb3e659c9c') in 0.156355 seconds
  Import took 0.191673 seconds .

========================================================================
Received Import Request.
  Time since last request: 764.374465 seconds.
  path: Assets/Scenes/ForbidenCity/ForbidenCity_SceneComplete.unity
  artifactKey: Guid(1dd0030752b7f234f9decdb1bffbb41b) Importer(815301076,1909f56bfc062723c751e8b465ee728b)
Start importing Assets/Scenes/ForbidenCity/ForbidenCity_SceneComplete.unity using Guid(1dd0030752b7f234f9decdb1bffbb41b) Importer(815301076,1909f56bfc062723c751e8b465ee728b)  -> (artifact id: '2b8e6649ef4bcc56141d52d6e83daa39') in 0.349517 seconds
  Import took 0.398852 seconds .

========================================================================
Received Prepare
Registering precompiled user dll's ...
Registered in 0.091281 seconds.
Begin MonoManager ReloadAssembly
Native extension for WindowsStandalone target not found
Refreshing native plugins compatible for Editor in 2.35 ms, found 1 plugins.
Preloading 0 native plugins for Editor in 0.00 ms.
Mono: successfully reloaded assembly
- Completed reload, in 23.073 seconds
Platform modules already initialized, skipping
Refreshing native plugins compatible for Editor in 1.21 ms, found 1 plugins.
Preloading 0 native plugins for Editor in 0.00 ms.
Unloading 2292 Unused Serialized files (Serialized files now loaded: 0)
System memory in use before: 107.4 MB.
System memory in use after: 107.5 MB.

Unloading 15 unused Assets to reduce memory usage. Loaded Objects now: 3035.
Total: 652.766100 ms (FindLiveObjects: 31.201700 ms CreateObjectMapping: 0.950800 ms MarkObjects: 585.375400 ms  DeleteObjects: 35.233800 ms)

========================================================================
Received Prepare
Registering precompiled user dll's ...
Registered in 0.003754 seconds.
Begin MonoManager ReloadAssembly
Native extension for WindowsStandalone target not found
Refreshing native plugins compatible for Editor in 1.34 ms, found 1 plugins.
Preloading 0 native plugins for Editor in 0.00 ms.
Mono: successfully reloaded assembly
- Completed reload, in  5.162 seconds
Platform modules already initialized, skipping
Refreshing native plugins compatible for Editor in 5.11 ms, found 1 plugins.
Preloading 0 native plugins for Editor in 0.00 ms.
Unloading 2292 Unused Serialized files (Serialized files now loaded: 0)
System memory in use before: 107.4 MB.
System memory in use after: 107.5 MB.

Unloading 15 unused Assets to reduce memory usage. Loaded Objects now: 3039.
Total: 23.778000 ms (FindLiveObjects: 0.781300 ms CreateObjectMapping: 0.467200 ms MarkObjects: 22.333700 ms  DeleteObjects: 0.192100 ms)

========================================================================
Received Import Request.
  Time since last request: 9009.958404 seconds.
  path: Assets/Scenes/ForbidenCity/ForbidenCity_SceneComplete.unity
  artifactKey: Guid(1dd0030752b7f234f9decdb1bffbb41b) Importer(815301076,1909f56bfc062723c751e8b465ee728b)
Start importing Assets/Scenes/ForbidenCity/ForbidenCity_SceneComplete.unity using Guid(1dd0030752b7f234f9decdb1bffbb41b) Importer(815301076,1909f56bfc062723c751e8b465ee728b)  -> (artifact id: '9ceb18fc3d0e5f5f7b2fa77a80d2f486') in 28.398761 seconds
  Import took 38.238765 seconds .

========================================================================
Received Import Request.
  Time since last request: 1876.048217 seconds.
  path: Assets/Scenes/ForbidenCity/ForbidenCity_SceneComplete.unity
  artifactKey: Guid(1dd0030752b7f234f9decdb1bffbb41b) Importer(815301076,1909f56bfc062723c751e8b465ee728b)
Start importing Assets/Scenes/ForbidenCity/ForbidenCity_SceneComplete.unity using Guid(1dd0030752b7f234f9decdb1bffbb41b) Importer(815301076,1909f56bfc062723c751e8b465ee728b)  -> (artifact id: '93d5551f68a05f22cd2614ec632dd3b6') in 3.384574 seconds
  Import took 6.832199 seconds .

========================================================================
Received Prepare
Registering precompiled user dll's ...
Registered in 0.013976 seconds.
Begin MonoManager ReloadAssembly
Native extension for WindowsStandalone target not found
Refreshing native plugins compatible for Editor in 1.94 ms, found 1 plugins.
Preloading 0 native plugins for Editor in 0.00 ms.
Mono: successfully reloaded assembly
- Completed reload, in 13.230 seconds
Platform modules already initialized, skipping
Refreshing native plugins compatible for Editor in 0.55 ms, found 1 plugins.
Preloading 0 native plugins for Editor in 0.00 ms.
Unloading 2292 Unused Serialized files (Serialized files now loaded: 0)
System memory in use before: 107.4 MB.
System memory in use after: 107.5 MB.

Unloading 15 unused Assets to reduce memory usage. Loaded Objects now: 3043.
Total: 271.232600 ms (FindLiveObjects: 0.562100 ms CreateObjectMapping: 0.265400 ms MarkObjects: 231.165500 ms  DeleteObjects: 39.234500 ms)

========================================================================
Received Prepare
Registering precompiled user dll's ...
Registered in 0.002322 seconds.
Begin MonoManager ReloadAssembly
Native extension for WindowsStandalone target not found
Refreshing native plugins compatible for Editor in 0.53 ms, found 1 plugins.
Preloading 0 native plugins for Editor in 0.00 ms.
Mono: successfully reloaded assembly
- Completed reload, in  1.435 seconds
Platform modules already initialized, skipping
Refreshing native plugins compatible for Editor in 0.62 ms, found 1 plugins.
Preloading 0 native plugins for Editor in 0.00 ms.
Unloading 2292 Unused Serialized files (Serialized files now loaded: 0)
System memory in use before: 107.4 MB.
System memory in use after: 107.5 MB.

Unloading 15 unused Assets to reduce memory usage. Loaded Objects now: 3047.
Total: 3.529000 ms (FindLiveObjects: 0.427600 ms CreateObjectMapping: 0.126000 ms MarkObjects: 2.822300 ms  DeleteObjects: 0.150200 ms)

========================================================================
Received Prepare
Registering precompiled user dll's ...
Registered in 0.002954 seconds.
Begin MonoManager ReloadAssembly
Native extension for WindowsStandalone target not found
Refreshing native plugins compatible for Editor in 0.89 ms, found 1 plugins.
Preloading 0 native plugins for Editor in 0.00 ms.
Mono: successfully reloaded assembly
- Completed reload, in  1.136 seconds
Platform modules already initialized, skipping
Refreshing native plugins compatible for Editor in 0.70 ms, found 1 plugins.
Preloading 0 native plugins for Editor in 0.00 ms.
Unloading 2292 Unused Serialized files (Serialized files now loaded: 0)
System memory in use before: 107.4 MB.
System memory in use after: 107.4 MB.

Unloading 15 unused Assets to reduce memory usage. Loaded Objects now: 3051.
Total: 16.000200 ms (FindLiveObjects: 0.544400 ms CreateObjectMapping: 0.193800 ms MarkObjects: 14.781100 ms  DeleteObjects: 0.478900 ms)

========================================================================
Received Prepare
Registering precompiled user dll's ...
Registered in 0.002868 seconds.
Begin MonoManager ReloadAssembly
Native extension for WindowsStandalone target not found
Refreshing native plugins compatible for Editor in 0.59 ms, found 1 plugins.
Preloading 0 native plugins for Editor in 0.00 ms.
Mono: successfully reloaded assembly
- Completed reload, in  1.210 seconds
Platform modules already initialized, skipping
Refreshing native plugins compatible for Editor in 0.66 ms, found 1 plugins.
Preloading 0 native plugins for Editor in 0.00 ms.
Unloading 2292 Unused Serialized files (Serialized files now loaded: 0)
System memory in use before: 107.5 MB.
System memory in use after: 107.5 MB.

Unloading 15 unused Assets to reduce memory usage. Loaded Objects now: 3055.
Total: 30.067700 ms (FindLiveObjects: 0.408400 ms CreateObjectMapping: 0.182400 ms MarkObjects: 29.310000 ms  DeleteObjects: 0.164900 ms)

========================================================================
Received Prepare
Registering precompiled user dll's ...
Registered in 0.002724 seconds.
Begin MonoManager ReloadAssembly
Native extension for WindowsStandalone target not found
Refreshing native plugins compatible for Editor in 0.52 ms, found 1 plugins.
Preloading 0 native plugins for Editor in 0.00 ms.
Mono: successfully reloaded assembly
- Completed reload, in  1.132 seconds
Platform modules already initialized, skipping
Refreshing native plugins compatible for Editor in 0.57 ms, found 1 plugins.
Preloading 0 native plugins for Editor in 0.00 ms.
Unloading 2292 Unused Serialized files (Serialized files now loaded: 0)
System memory in use before: 107.5 MB.
System memory in use after: 107.6 MB.

Unloading 15 unused Assets to reduce memory usage. Loaded Objects now: 3059.
Total: 3.196900 ms (FindLiveObjects: 0.442500 ms CreateObjectMapping: 0.234900 ms MarkObjects: 2.368200 ms  DeleteObjects: 0.148900 ms)

AssetImportWorkerClient::OnTransportError - code=2 error=End of file
